SF:analyze_test_ac_coverage.py
DA:13,1
DA:14,1
DA:15,1
DA:16,1
DA:17,1
DA:18,1
DA:21,1
DA:24,1
DA:136,1
DA:137,1
DA:149,1
DA:151,1
DA:152,1
DA:153,1
DA:155,1
DA:156,1
DA:158,1
DA:159,1
DA:160,1
DA:161,1
DA:164,1
DA:165,1
DA:166,1
DA:167,1
DA:168,1
DA:169,1
DA:170,1
DA:171,1
DA:172,1
DA:175,1
DA:186,1
DA:188,1
DA:200,1
DA:201,1
DA:202,1
DA:203,1
DA:206,1
DA:208,1
DA:210,1
DA:213,1
DA:214,1
DA:215,1
DA:216,1
DA:217,1
DA:218,1
DA:219,1
DA:220,1
DA:222,1
DA:223,1
DA:224,1
DA:225,1
DA:226,1
DA:227,1
DA:228,1
DA:229,1
DA:230,1
DA:231,1
DA:233,1
DA:234,1
DA:235,1
DA:236,1
DA:237,1
DA:238,1
DA:239,1
DA:240,1
DA:241,1
DA:242,1
DA:244,1
DA:245,1
DA:246,1
DA:247,1
DA:248,1
DA:249,1
DA:250,1
DA:251,1
DA:252,1
DA:253,1
DA:255,1
DA:256,1
DA:257,1
DA:258,1
DA:259,1
DA:260,1
DA:261,1
DA:262,1
DA:263,1
DA:264,1
DA:266,1
DA:267,1
DA:268,1
DA:269,1
DA:270,1
DA:271,1
DA:272,1
DA:273,0
DA:275,1
DA:276,1
DA:277,1
DA:278,1
DA:279,1
DA:280,1
DA:281,1
DA:282,1
DA:283,1
DA:284,1
DA:287,1
DA:290,1
DA:292,1
DA:293,1
DA:294,1
DA:297,1
DA:299,1
DA:301,1
DA:302,1
DA:303,1
DA:304,1
DA:306,1
DA:307,0
DA:308,0
DA:311,1
DA:312,1
DA:315,1
DA:318,1
DA:319,1
DA:320,1
DA:321,1
DA:323,1
DA:326,1
DA:327,1
DA:328,1
DA:329,1
DA:330,1
DA:333,1
DA:336,1
DA:339,1
DA:340,1
DA:341,1
DA:342,1
DA:343,1
DA:344,1
DA:347,1
DA:350,1
DA:353,1
DA:354,1
DA:355,1
DA:358,1
DA:359,1
DA:360,1
DA:362,1
DA:363,1
DA:364,1
DA:365,1
DA:366,1
DA:368,1
DA:369,1
DA:370,1
DA:371,1
DA:372,1
DA:373,1
DA:374,1
DA:377,1
DA:378,1
DA:379,1
DA:380,1
DA:383,1
DA:385,1
DA:388,1
DA:389,1
DA:390,1
DA:391,1
DA:393,1
DA:395,1
DA:396,1
DA:397,1
DA:398,1
DA:401,1
DA:405,1
DA:406,1
DA:407,1
DA:408,1
DA:411,1
DA:412,0
LF:182
LH:178
FN:149,203,extract_test_functions
FNDA:1,extract_test_functions
FN:206,287,suggest_ac
FNDA:1,suggest_ac
FN:290,408,main
FNDA:1,main
FNF:3
FNH:3
end_of_record
SF:calculate_unified_coverage.py
DA:17,1
DA:18,1
DA:19,1
DA:20,1
DA:23,1
DA:24,1
DA:25,1
DA:26,1
DA:29,1
DA:57,1
DA:59,1
DA:61,1
DA:62,1
DA:63,1
DA:64,1
DA:67,1
DA:69,1
DA:70,1
DA:71,1
DA:72,1
DA:73,1
DA:76,1
DA:78,1
DA:79,1
DA:80,1
DA:82,1
DA:83,1
DA:84,1
DA:86,1
DA:87,1
DA:89,1
DA:90,1
DA:91,1
DA:92,1
DA:93,1
DA:98,1
DA:105,1
DA:111,1
DA:112,1
DA:113,1
DA:114,1
DA:117,1
DA:118,1
DA:119,1
DA:120,1
DA:121,1
DA:122,1
DA:123,1
DA:125,1
DA:126,1
DA:127,1
DA:128,1
DA:130,1
DA:131,1
DA:132,0
DA:133,0
DA:134,1
DA:136,1
DA:137,1
DA:138,0
DA:139,0
DA:140,1
DA:142,1
DA:143,1
DA:144,1
DA:145,1
DA:146,1
DA:147,1
DA:150,1
DA:151,1
DA:152,1
DA:153,1
DA:159,1
DA:160,0
DA:161,0
DA:162,0
DA:163,0
DA:164,0
DA:165,0
DA:166,0
DA:167,0
DA:175,1
DA:176,0
DA:177,0
DA:178,0
DA:179,0
DA:180,0
DA:181,0
DA:182,0
DA:183,0
DA:191,1
DA:192,1
DA:193,1
DA:194,1
DA:195,1
DA:196,1
DA:197,1
DA:198,1
DA:206,1
DA:208,1
DA:209,1
DA:211,1
DA:223,1
DA:225,1
DA:226,1
DA:227,1
DA:230,1
DA:231,1
DA:232,1
DA:233,1
DA:234,1
DA:236,1
DA:237,1
DA:238,1
DA:239,1
DA:240,1
DA:242,1
DA:243,1
DA:244,1
DA:245,1
DA:246,1
DA:249,1
DA:252,1
DA:253,1
DA:254,1
DA:255,1
DA:257,1
DA:258,1
DA:259,1
DA:260,1
DA:263,1
DA:264,1
DA:267,1
DA:268,1
DA:269,1
DA:272,1
DA:273,1
DA:274,1
DA:275,1
DA:276,1
DA:277,1
DA:278,1
DA:280,1
DA:281,1
DA:282,1
DA:283,1
DA:284,1
DA:285,1
DA:287,1
DA:289,1
DA:290,1
DA:292,1
DA:293,0
DA:294,0
DA:295,1
DA:296,0
DA:297,0
DA:298,1
DA:299,0
DA:300,0
DA:302,1
DA:303,1
DA:304,1
DA:305,1
DA:306,1
DA:307,1
DA:308,1
DA:311,1
DA:312,1
DA:313,1
DA:314,1
DA:317,1
DA:318,1
DA:319,1
DA:320,1
DA:322,1
DA:323,1
DA:326,1
DA:327,0
LF:179
LH:152
FN:57,64,is_test_file
FNDA:1,is_test_file
FN:67,73,count_lines
FNDA:1,count_lines
FN:76,102,count_code_lines
FNDA:1,count_code_lines
FN:105,156,parse_lcov_file
FNDA:1,parse_lcov_file
FN:159,172,get_backend_coverage
FNDA:0,get_backend_coverage
FN:175,188,get_frontend_coverage
FNDA:0,get_frontend_coverage
FN:191,203,get_scripts_coverage
FNDA:1,get_scripts_coverage
FN:206,220,calculate_unified_coverage
FNDA:1,calculate_unified_coverage
FN:223,323,main
FNDA:1,main
FNF:9
FNH:7
end_of_record
SF:check_ac_traceability.py
DA:2,1
DA:4,1
DA:5,1
DA:6,1
DA:7,1
DA:8,1
DA:9,1
DA:11,1
DA:12,1
DA:13,0
DA:14,0
DA:15,0
DA:18,1
DA:19,1
DA:20,1
DA:21,1
DA:22,1
DA:23,1
DA:26,1
DA:27,1
DA:28,1
DA:29,1
DA:30,1
DA:33,1
DA:35,1
DA:37,1
DA:40,1
DA:41,1
DA:42,1
DA:43,1
DA:44,1
DA:46,1
DA:47,1
DA:49,1
DA:61,1
DA:63,1
DA:64,1
DA:65,1
DA:66,1
DA:67,1
DA:69,1
DA:70,1
DA:71,1
DA:72,1
DA:75,1
DA:76,1
DA:77,1
DA:78,1
DA:79,1
DA:80,1
DA:81,1
DA:82,1
DA:83,1
DA:84,1
DA:85,1
DA:88,1
DA:89,1
DA:90,1
DA:91,1
DA:92,1
DA:93,0
DA:94,0
DA:95,1
DA:96,1
DA:97,1
DA:98,1
DA:101,1
DA:104,1
DA:105,1
DA:106,1
DA:107,1
DA:112,1
DA:118,1
DA:119,1
DA:125,1
DA:126,1
DA:127,1
DA:128,1
DA:129,1
DA:130,1
DA:131,1
DA:133,1
DA:134,1
DA:135,1
DA:136,1
DA:139,1
DA:140,1
DA:141,1
DA:142,1
DA:143,1
DA:144,1
DA:145,1
DA:147,1
DA:148,1
DA:149,1
DA:152,1
DA:153,1
DA:154,1
DA:155,1
DA:158,1
DA:159,1
DA:162,1
DA:168,1
DA:173,1
DA:176,1
DA:177,1
DA:178,1
DA:181,1
DA:182,1
DA:183,1
DA:186,1
DA:187,1
DA:189,1
DA:192,0
DA:195,1
DA:196,1
DA:197,1
DA:198,1
DA:203,0
DA:204,0
DA:208,0
DA:209,0
DA:210,0
DA:212,1
DA:213,1
DA:215,1
DA:216,1
DA:218,1
DA:219,1
DA:221,1
DA:222,1
DA:227,1
DA:229,1
DA:230,1
DA:234,1
DA:237,1
DA:238,0
LF:137
LH:125
FN:40,58,load_registry
FNDA:1,load_registry
FN:61,72,load_multiple_registries
FNDA:1,load_multiple_registries
FN:75,85,find_test_files
FNDA:1,find_test_files
FN:88,98,collect_referenced_acs
FNDA:1,collect_referenced_acs
FN:101,109,check_traceability
FNDA:1,check_traceability
FN:112,155,print_report
FNDA:1,print_report
FN:158,178,parse_args
FNDA:1,parse_args
FN:181,234,main
FNDA:1,main
FNF:8
FNH:8
end_of_record
SF:check_env_keys.py
DA:15,1
DA:17,1
DA:18,1
DA:19,1
DA:20,1
DA:23,1
DA:25,1
DA:28,1
DA:34,1
DA:35,1
DA:36,1
DA:38,1
DA:39,1
DA:42,1
DA:43,1
DA:46,1
DA:47,1
DA:51,1
DA:52,1
DA:56,1
DA:57,1
DA:59,1
DA:62,1
DA:64,1
DA:67,1
DA:69,1
DA:70,1
DA:71,1
DA:73,1
DA:74,1
DA:82,1
DA:84,1
DA:85,1
DA:86,1
DA:87,1
DA:89,1
DA:90,1
DA:91,1
DA:93,1
DA:96,1
DA:98,1
DA:99,1
DA:100,1
DA:102,1
DA:103,1
DA:106,1
DA:108,1
DA:110,1
DA:112,1
DA:113,1
DA:114,1
DA:118,1
DA:119,1
DA:121,1
DA:122,1
DA:125,1
DA:126,1
DA:128,1
DA:129,1
DA:130,1
DA:132,1
DA:133,1
DA:134,1
DA:137,1
DA:138,0
DA:141,1
DA:143,1
DA:147,1
DA:148,1
DA:149,1
DA:150,1
DA:152,1
DA:154,1
DA:160,1
DA:163,1
DA:167,1
DA:176,1
DA:180,1
DA:184,1
DA:186,1
DA:192,1
DA:204,1
DA:206,1
DA:207,1
DA:208,1
DA:210,1
DA:211,1
DA:212,1
DA:215,1
DA:216,1
DA:217,1
DA:218,1
DA:221,1
DA:222,1
DA:223,1
DA:224,1
DA:227,1
DA:228,1
DA:229,1
DA:230,1
DA:232,1
DA:233,1
DA:235,1
DA:237,1
DA:240,1
DA:243,1
DA:244,1
DA:245,1
DA:246,1
DA:247,1
DA:248,1
DA:249,1
DA:251,1
DA:252,1
DA:253,1
DA:254,1
DA:255,1
DA:256,1
DA:259,1
DA:260,1
DA:263,1
DA:264,1
DA:265,1
DA:267,1
DA:269,1
DA:270,1
DA:271,1
DA:273,1
DA:274,1
DA:277,1
DA:278,1
DA:280,1
DA:281,1
DA:282,1
DA:284,1
DA:285,1
DA:287,1
DA:288,1
DA:290,1
DA:293,1
DA:294,0
LF:141
LH:139
FN:23,25,get_project_root
FNDA:1,get_project_root
FN:28,64,parse_secrets_ctmpl
FNDA:1,parse_secrets_ctmpl
FN:67,93,parse_env_example
FNDA:1,parse_env_example
FN:96,160,parse_config_py
FNDA:1,parse_config_py
FN:163,201,check_consistency
FNDA:1,check_consistency
FN:204,237,print_report
FNDA:1,print_report
FN:240,256,generate_fix_suggestions
FNDA:1,generate_fix_suggestions
FN:259,290,main
FNDA:1,main
FNF:8
FNH:8
end_of_record
SF:cleanup_orphaned_dbs.py
DA:16,1
DA:17,1
DA:18,1
DA:19,1
DA:20,1
DA:21,1
DA:23,1
DA:24,1
DA:25,1
DA:27,1
DA:28,1
DA:29,1
DA:30,1
DA:33,1
DA:34,1
DA:37,1
DA:38,1
DA:39,1
DA:40,1
DA:41,0
DA:44,1
DA:45,1
DA:46,1
DA:47,1
DA:48,1
DA:49,1
DA:50,1
DA:51,1
DA:54,1
DA:55,1
DA:56,1
DA:72,1
DA:75,1
DA:76,1
DA:77,1
DA:78,1
DA:81,1
DA:82,1
DA:83,1
DA:84,1
DA:85,1
DA:88,1
DA:89,1
DA:90,1
DA:91,1
DA:93,0
DA:94,0
DA:108,0
DA:109,0
DA:110,0
DA:113,1
DA:114,1
DA:115,1
DA:116,1
DA:117,1
DA:119,1
DA:121,1
DA:125,1
DA:126,0
DA:127,0
DA:128,0
DA:130,1
DA:131,1
DA:132,1
DA:133,1
DA:135,1
DA:137,1
DA:138,1
DA:139,1
DA:141,1
DA:142,1
DA:144,1
DA:145,1
DA:146,1
DA:147,1
DA:148,1
DA:150,1
DA:152,1
DA:153,0
DA:154,0
DA:156,1
DA:161,1
DA:162,1
DA:163,1
DA:164,1
DA:165,1
DA:167,0
DA:169,1
DA:170,0
DA:175,1
DA:177,1
DA:180,1
DA:181,1
DA:184,1
DA:189,1
DA:194,1
DA:196,1
DA:199,1
DA:200,0
LF:99
LH:85
FN:33,34,log
FNDA:1,log
FN:37,41,get_container_runtime
FNDA:1,get_container_runtime
FN:44,51,load_active_namespaces
FNDA:1,load_active_namespaces
FN:54,78,list_test_databases
FNDA:1,list_test_databases
FN:81,85,extract_namespace
FNDA:1,extract_namespace
FN:88,110,drop_database
FNDA:1,drop_database
FN:113,177,cleanup_orphaned
FNDA:1,cleanup_orphaned
FN:180,196,main
FNDA:1,main
FNF:8
FNH:8
end_of_record
SF:cli.py
DA:17,1
DA:18,1
DA:19,1
DA:20,1
DA:21,1
DA:22,1
DA:24,1
DA:25,1
DA:26,1
DA:29,1
DA:31,1
DA:32,1
DA:33,1
DA:34,1
DA:36,1
DA:37,1
DA:40,1
DA:42,1
DA:43,1
DA:44,1
DA:45,1
DA:46,1
DA:47,1
DA:48,1
DA:49,1
DA:52,1
DA:54,1
DA:55,1
DA:56,1
DA:57,1
DA:60,1
DA:62,1
DA:64,1
DA:65,1
DA:67,1
DA:68,1
DA:69,1
DA:71,1
DA:72,1
DA:73,1
DA:75,1
DA:76,1
DA:77,1
DA:78,1
DA:79,1
DA:80,1
DA:81,1
DA:82,1
DA:85,1
DA:87,1
DA:88,1
DA:89,1
DA:90,1
DA:91,1
DA:92,1
DA:93,1
DA:94,1
DA:99,1
DA:101,1
DA:102,1
DA:103,1
DA:104,1
DA:105,1
DA:106,1
DA:107,1
DA:108,1
DA:109,1
DA:110,1
DA:111,1
DA:112,1
DA:115,1
DA:117,1
DA:118,1
DA:119,1
DA:120,1
DA:122,1
DA:123,1
DA:125,1
DA:126,1
DA:127,1
DA:129,1
DA:132,1
DA:135,1
DA:138,1
DA:140,1
DA:142,1
DA:143,1
DA:144,1
DA:145,1
DA:147,1
DA:148,1
DA:149,1
DA:150,1
DA:151,1
DA:152,1
DA:155,1
DA:156,1
DA:157,1
DA:160,1
DA:161,1
DA:162,1
DA:165,1
DA:166,1
DA:167,1
DA:168,1
DA:169,1
DA:170,1
DA:173,1
DA:174,1
DA:175,1
DA:176,1
DA:177,1
DA:178,1
DA:179,1
DA:182,1
DA:183,1
DA:184,1
DA:185,1
DA:188,1
DA:189,1
DA:192,1
DA:193,1
DA:194,1
DA:195,1
DA:196,1
DA:199,1
DA:201,1
DA:202,1
DA:204,1
DA:211,1
DA:214,1
DA:215,0
LF:132
LH:131
FN:29,37,get_compose_cmd
FNDA:1,get_compose_cmd
FN:40,49,run
FNDA:1,run
FN:52,57,cmd_setup
FNDA:1,cmd_setup
FN:60,82,cmd_dev
FNDA:1,cmd_dev
FN:85,112,cmd_test
FNDA:1,cmd_test
FN:115,129,cmd_lint
FNDA:1,cmd_lint
FN:132,135,cmd_build
FNDA:1,cmd_build
FN:138,152,cmd_clean
FNDA:1,cmd_clean
FN:155,211,main
FNDA:1,main
FNF:9
FNH:9
end_of_record
SF:coverage_analyzer.py
DA:8,1
DA:9,1
DA:10,1
DA:11,1
DA:12,1
DA:15,1
DA:17,1
DA:29,1
DA:30,1
DA:33,1
DA:35,1
DA:36,1
DA:38,1
DA:39,1
DA:40,1
DA:41,1
DA:42,1
DA:43,1
DA:45,1
DA:48,1
DA:50,1
DA:58,1
DA:59,1
DA:60,1
DA:61,1
DA:62,1
DA:63,1
DA:64,1
DA:65,1
DA:66,1
DA:67,1
DA:68,1
DA:70,1
DA:73,1
DA:75,1
DA:77,1
DA:78,1
DA:79,1
DA:80,1
DA:81,1
DA:82,1
DA:83,1
DA:84,1
DA:85,1
DA:86,1
DA:88,1
DA:91,1
DA:93,1
DA:104,1
DA:108,1
DA:121,1
DA:122,1
DA:123,1
DA:129,1
DA:132,1
DA:134,1
DA:135,1
DA:136,1
DA:139,1
DA:140,1
DA:141,1
DA:144,1
DA:145,1
DA:146,1
DA:147,1
DA:148,1
DA:149,1
DA:150,1
DA:151,1
DA:154,1
DA:155,1
DA:156,1
DA:157,1
DA:158,1
DA:159,1
DA:161,1
DA:164,1
DA:165,1
DA:166,1
DA:167,1
DA:168,1
DA:171,1
DA:172,1
DA:173,1
DA:174,1
DA:175,1
DA:176,1
DA:178,1
DA:179,1
DA:181,1
DA:184,1
DA:185,0
LF:92
LH:91
FN:15,30,run_coverage_report
FNDA:1,run_coverage_report
FN:33,45,parse_missing_lines
FNDA:1,parse_missing_lines
FN:48,70,identify_common_patterns
FNDA:1,identify_common_patterns
FN:73,88,generate_recommendations
FNDA:1,generate_recommendations
FN:91,118,analyze_module_coverage
FNDA:1,analyze_module_coverage
FN:121,181,main
FNDA:1,main
FNF:6
FNH:6
end_of_record
SF:debug.py
DA:23,1
DA:24,1
DA:25,1
DA:26,1
DA:27,1
DA:28,1
DA:29,1
DA:30,1
DA:32,1
DA:35,1
DA:38,1
DA:39,1
DA:40,1
DA:41,1
DA:44,1
DA:47,1
DA:48,1
DA:49,1
DA:50,1
DA:54,1
DA:82,1
DA:85,1
DA:86,1
DA:89,1
DA:90,1
DA:96,1
DA:97,1
DA:102,1
DA:105,1
DA:108,1
DA:110,1
DA:115,1
DA:117,1
DA:118,1
DA:120,1
DA:122,1
DA:123,1
DA:124,1
DA:126,1
DA:127,1
DA:128,1
DA:129,1
DA:130,1
DA:131,1
DA:132,1
DA:133,1
DA:136,1
DA:140,1
DA:141,1
DA:142,1
DA:145,1
DA:148,1
DA:149,1
DA:150,1
DA:153,1
DA:157,1
DA:160,1
DA:161,1
DA:162,1
DA:166,1
DA:167,1
DA:170,1
DA:171,1
DA:172,1
DA:174,1
DA:177,1
DA:178,1
DA:179,1
DA:180,1
DA:183,1
DA:184,1
DA:185,1
DA:187,1
DA:193,1
DA:194,1
DA:195,1
DA:196,1
DA:197,1
DA:200,1
DA:202,1
DA:203,1
DA:204,1
DA:206,1
DA:208,1
DA:210,1
DA:211,1
DA:212,1
DA:213,1
DA:214,1
DA:215,1
DA:216,1
DA:217,1
DA:220,1
DA:222,1
DA:223,1
DA:227,1
DA:229,1
DA:232,1
DA:236,1
DA:237,1
DA:240,1
DA:242,1
DA:243,1
DA:245,1
DA:246,1
DA:247,1
DA:250,1
DA:251,1
DA:264,1
DA:269,1
DA:270,1
DA:276,1
DA:282,1
DA:288,1
DA:294,1
DA:303,1
DA:304,1
DA:310,1
DA:318,1
DA:321,1
DA:329,1
DA:332,1
DA:333,1
DA:334,1
DA:336,1
DA:337,1
DA:338,1
DA:339,1
DA:341,1
DA:343,1
DA:344,1
DA:345,1
DA:348,1
DA:349,1
DA:351,1
DA:353,1
DA:354,1
DA:355,1
DA:358,1
DA:359,0
LF:140
LH:139
FN:82,105,detect_environment
FNDA:1,detect_environment
FN:108,112,get_container_name
FNDA:1,get_container_name
FN:115,133,view_local_logs
FNDA:1,view_local_logs
FN:136,142,validate_hostname
FNDA:1,validate_hostname
FN:145,150,validate_username
FNDA:1,validate_username
FN:153,197,view_remote_logs_docker
FNDA:1,view_remote_logs_docker
FN:200,217,view_remote_logs_signoz
FNDA:1,view_remote_logs_signoz
FN:220,237,restart_service
FNDA:1,restart_service
FN:240,247,list_containers
FNDA:1,list_containers
FN:250,355,main
FNDA:1,main
FNF:10
FNH:10
end_of_record
SF:dev_backend.py
DA:14,1
DA:15,1
DA:16,1
DA:17,1
DA:18,1
DA:19,1
DA:21,1
DA:22,1
DA:25,1
DA:31,1
DA:33,0
DA:37,0
DA:38,0
DA:43,0
DA:44,0
DA:45,0
DA:46,0
DA:49,1
DA:51,1
DA:57,1
DA:60,1
DA:61,0
DA:62,0
DA:65,1
DA:66,1
DA:67,1
DA:73,1
DA:74,1
DA:75,1
DA:76,1
DA:77,1
DA:78,1
DA:79,1
DA:80,1
DA:83,1
DA:85,1
DA:87,1
DA:88,1
DA:89,1
DA:90,1
DA:91,1
DA:92,0
DA:93,0
DA:95,1
DA:98,1
DA:100,0
DA:101,0
DA:104,0
DA:108,0
DA:109,0
DA:110,0
DA:111,0
DA:112,0
DA:115,0
DA:116,0
DA:118,0
DA:119,0
DA:120,0
DA:123,0
DA:124,0
DA:128,0
DA:131,0
DA:132,0
DA:133,0
DA:134,0
DA:137,1
DA:138,0
LF:67
LH:35
FN:31,46,get_compose_cmd
FNDA:0,get_compose_cmd
FN:49,80,check_database_ready
FNDA:1,check_database_ready
FN:83,95,cleanup
FNDA:1,cleanup
FN:98,134,main
FNDA:0,main
FNF:4
FNH:2
end_of_record
SF:dev_frontend.py
DA:15,1
DA:16,1
DA:17,1
DA:18,1
DA:19,1
DA:21,1
DA:24,1
DA:29,1
DA:31,1
DA:34,1
DA:35,1
DA:36,1
DA:37,1
DA:38,1
DA:39,1
DA:40,0
DA:41,0
DA:43,1
DA:44,1
DA:47,1
DA:49,0
DA:50,0
DA:52,0
DA:53,0
DA:54,0
DA:55,0
DA:58,0
DA:59,0
DA:63,0
DA:66,0
DA:67,0
DA:68,0
DA:69,0
DA:72,1
DA:73,0
LF:35
LH:19
FN:29,44,cleanup
FNDA:1,cleanup
FN:47,69,main
FNDA:0,main
FNF:2
FNH:1
end_of_record
SF:generate_ac_registry.py
DA:2,1
DA:3,1
DA:4,1
DA:7,1
DA:8,1
DA:9,1
DA:11,1
DA:14,1
DA:15,1
DA:18,1
DA:20,1
DA:41,1
DA:42,1
DA:52,1
DA:53,1
DA:54,1
DA:55,1
DA:56,1
DA:58,1
DA:60,1
DA:61,1
DA:62,1
DA:63,1
DA:64,1
DA:65,1
DA:66,0
DA:67,1
DA:68,1
DA:69,1
DA:70,1
DA:71,1
DA:73,1
DA:74,1
DA:75,1
DA:76,1
DA:77,1
DA:78,1
DA:79,1
DA:81,1
DA:82,0
DA:83,0
DA:84,0
DA:85,0
DA:86,0
DA:87,0
DA:89,1
DA:95,1
DA:98,1
DA:99,1
DA:102,1
DA:104,1
DA:105,1
DA:106,1
DA:107,1
DA:109,1
DA:110,1
DA:111,1
DA:112,1
DA:113,1
DA:116,1
DA:117,1
DA:118,0
DA:119,1
DA:120,1
DA:125,1
DA:126,1
DA:127,1
DA:128,1
DA:129,1
DA:130,1
DA:131,1
DA:132,1
DA:133,1
DA:143,1
DA:144,1
DA:147,1
DA:148,1
DA:149,1
DA:152,1
DA:153,1
DA:155,1
DA:156,1
DA:157,1
DA:158,1
DA:159,1
DA:161,1
DA:163,1
DA:164,1
DA:165,1
DA:168,1
DA:169,0
LF:91
LH:82
FN:41,95,extract_acs
FNDA:1,extract_acs
FN:98,99,sort_key
FNDA:1,sort_key
FN:102,113,classify_ac
FNDA:1,classify_ac
FN:116,149,write_registry
FNDA:1,write_registry
FN:152,165,main
FNDA:1,main
FNF:5
FNH:5
end_of_record
SF:generate_fixtures.py
DA:11,1
DA:12,1
DA:13,1
DA:14,1
DA:18,1
DA:19,1
DA:22,1
DA:23,1
DA:27,1
DA:29,1
DA:32,1
DA:39,1
DA:42,1
DA:43,1
DA:44,1
DA:45,1
DA:48,1
DA:51,1
DA:52,1
DA:55,1
DA:56,1
DA:60,1
DA:68,1
DA:71,1
DA:72,1
DA:73,1
DA:75,1
DA:76,1
DA:77,1
DA:78,1
DA:80,1
DA:83,1
DA:90,1
DA:91,1
DA:92,1
DA:94,1
DA:97,1
DA:99,1
DA:102,1
DA:103,1
DA:104,1
DA:106,1
DA:113,1
DA:114,1
DA:121,1
DA:122,1
DA:148,0
DA:149,0
DA:157,1
DA:158,1
DA:159,1
DA:160,1
DA:161,1
DA:163,1
DA:164,1
DA:165,1
DA:167,1
DA:168,1
DA:171,1
DA:181,1
DA:182,1
DA:183,1
DA:184,1
DA:185,1
DA:186,1
DA:188,1
DA:190,1
DA:191,1
DA:195,1
DA:196,1
DA:197,1
DA:204,1
DA:206,1
DA:207,1
DA:210,1
DA:211,1
DA:212,1
DA:214,1
DA:217,1
DA:218,1
DA:220,1
DA:221,1
DA:222,1
DA:225,1
DA:226,0
LF:85
LH:82
FN:27,29,get_cache_path
FNDA:1,get_cache_path
FN:32,94,parse_with_cache
FNDA:1,parse_with_cache
FN:97,154,process_extracted_data
FNDA:1,process_extracted_data
FN:157,222,main
FNDA:1,main
FNF:4
FNH:4
end_of_record
SF:generate_test_pdfs.py
DA:4,1
DA:5,1
DA:6,1
DA:7,1
DA:9,1
DA:10,1
DA:11,1
DA:12,1
DA:13,1
DA:20,0
DA:21,0
DA:22,0
DA:24,1
DA:29,1
DA:39,1
DA:40,1
DA:41,1
DA:42,1
DA:43,1
DA:46,1
DA:47,1
DA:48,1
DA:49,1
DA:52,1
DA:55,1
DA:59,1
DA:60,1
DA:63,1
DA:66,1
DA:68,1
DA:69,1
DA:70,1
DA:71,1
DA:72,1
DA:73,1
DA:77,1
DA:78,1
DA:91,1
DA:93,1
DA:94,1
DA:97,1
DA:101,0
DA:128,0
DA:129,0
DA:130,0
DA:139,0
DA:150,0
DA:172,0
DA:199,1
DA:200,0
LF:50
LH:39
FN:29,94,generate_statement
FNDA:1,generate_statement
FN:97,196,main
FNDA:0,main
FNF:2
FNH:1
end_of_record
SF:merge_lcov.py
DA:10,1
DA:11,1
DA:13,1
DA:15,1
DA:16,1
DA:17,1
DA:19,1
DA:20,1
DA:21,1
DA:23,1
DA:24,1
DA:25,1
DA:30,1
DA:32,1
DA:33,1
DA:34,1
DA:35,1
DA:36,1
DA:37,1
DA:38,1
DA:39,1
DA:40,1
DA:41,1
DA:42,1
DA:43,1
DA:46,0
DA:47,0
DA:48,0
DA:51,1
DA:52,1
DA:55,1
DA:56,1
DA:57,1
DA:59,0
DA:60,0
DA:61,0
DA:63,1
DA:66,1
DA:68,1
DA:70,1
DA:71,1
DA:72,1
DA:73,1
DA:76,1
DA:77,1
DA:78,1
DA:80,1
DA:83,1
DA:85,1
DA:86,1
DA:87,1
DA:90,1
DA:91,1
DA:94,1
DA:95,1
DA:96,1
DA:97,1
DA:98,1
DA:101,1
DA:102,1
DA:103,1
DA:104,1
DA:106,1
DA:107,1
DA:109,1
DA:111,1
DA:112,1
DA:113,1
DA:114,1
DA:115,1
DA:116,1
DA:118,1
DA:120,1
DA:121,1
DA:123,1
DA:124,1
DA:127,1
DA:128,0
LF:78
LH:71
FN:13,63,parse_lcov_to_records
FNDA:1,parse_lcov_to_records
FN:66,80,merge_records
FNDA:1,merge_records
FN:83,98,write_lcov
FNDA:1,write_lcov
FN:101,124,main
FNDA:1,main
FNF:4
FNH:4
end_of_record
SF:sanitize_fixtures.py
DA:15,1
DA:16,1
DA:17,1
DA:20,1
DA:23,1
DA:26,1
DA:27,1
DA:28,1
DA:29,1
DA:31,1
DA:32,1
DA:33,1
DA:34,1
DA:35,1
DA:37,1
DA:38,1
DA:39,1
DA:41,0
DA:42,1
DA:45,1
DA:46,1
DA:47,1
DA:50,1
DA:54,1
DA:57,1
DA:60,1
DA:63,1
DA:70,1
DA:72,1
DA:73,1
DA:74,1
DA:75,1
DA:78,1
DA:79,1
DA:80,0
DA:83,1
DA:84,1
DA:85,1
DA:86,1
DA:88,1
DA:90,1
DA:92,1
DA:98,1
DA:101,1
DA:103,1
DA:106,1
DA:107,1
DA:108,1
DA:109,1
DA:110,1
DA:113,1
DA:118,1
DA:119,1
DA:120,1
DA:123,1
DA:124,1
DA:125,1
DA:128,1
DA:129,1
DA:130,1
DA:131,1
DA:133,1
DA:134,1
DA:137,1
DA:140,1
DA:141,1
DA:143,1
DA:144,1
DA:146,1
DA:147,1
DA:149,1
DA:152,1
DA:153,1
DA:155,1
DA:156,1
DA:157,1
DA:159,1
DA:161,1
DA:162,1
DA:164,1
DA:166,1
DA:167,1
DA:169,1
DA:172,1
DA:173,1
DA:174,1
DA:175,1
DA:176,1
DA:178,1
DA:179,1
DA:180,1
DA:182,1
DA:183,1
DA:184,1
DA:186,1
DA:189,1
DA:190,0
LF:97
LH:94
FN:20,47,mask_company_name
FNDA:1,mask_company_name
FN:50,98,sanitize_description
FNDA:1,sanitize_description
FN:72,90,sanitize_description.replace_company_match
FNDA:1,sanitize_description.replace_company_match
FN:101,149,sanitize_fixture
FNDA:1,sanitize_fixture
FN:152,186,main
FNDA:1,main
FNF:5
FNH:5
end_of_record
SF:seed_fx_rates.py
DA:19,1
DA:20,1
DA:21,1
DA:22,1
DA:23,1
DA:24,1
DA:25,1
DA:27,1
DA:28,1
DA:30,1
DA:32,1
DA:33,1
DA:36,1
DA:37,1
DA:38,1
DA:39,1
DA:40,1
DA:41,1
DA:42,1
DA:43,1
DA:44,1
DA:46,1
DA:49,1
DA:50,1
DA:51,1
DA:55,1
DA:56,1
DA:58,1
DA:110,1
DA:111,1
DA:114,1
DA:116,1
DA:117,1
DA:118,1
DA:119,1
DA:121,1
DA:122,1
DA:123,1
DA:124,1
DA:126,1
DA:127,1
DA:128,1
DA:130,1
DA:131,1
DA:132,1
DA:133,1
DA:137,1
DA:138,1
DA:140,1
DA:141,1
DA:142,1
DA:143,1
DA:144,1
DA:146,1
DA:149,1
DA:150,1
DA:153,1
DA:160,1
DA:162,1
DA:164,1
DA:165,1
DA:166,1
DA:167,1
DA:168,1
DA:169,1
DA:172,1
DA:173,0
LF:67
LH:66
FN:36,46,get_database_url
FNDA:1,get_database_url
FN:49,146,seed_fx_rates
FNDA:1,seed_fx_rates
FN:149,169,main
FNDA:1,main
FNF:3
FNH:3
end_of_record
SF:test_lifecycle.py
DA:19,1
DA:20,1
DA:21,1
DA:22,1
DA:23,1
DA:24,1
DA:25,1
DA:26,1
DA:27,1
DA:30,1
DA:31,1
DA:32,1
DA:33,1
DA:34,1
DA:35,1
DA:38,1
DA:39,1
DA:40,1
DA:41,1
DA:46,1
DA:48,1
DA:49,1
DA:51,1
DA:52,1
DA:53,1
DA:54,1
DA:55,1
DA:56,1
DA:57,1
DA:58,1
DA:61,1
DA:62,1
DA:66,1
DA:67,1
DA:68,1
DA:69,1
DA:70,1
DA:71,1
DA:72,1
DA:75,1
DA:76,1
DA:79,1
DA:81,1
DA:82,1
DA:83,1
DA:84,1
DA:85,1
DA:86,1
DA:87,1
DA:88,1
DA:89,1
DA:90,1
DA:93,1
DA:95,1
DA:98,1
DA:100,1
DA:105,1
DA:106,1
DA:109,1
DA:111,1
DA:112,1
DA:113,1
DA:114,1
DA:115,1
DA:116,1
DA:117,1
DA:118,1
DA:121,1
DA:123,1
DA:124,1
DA:125,1
DA:126,1
DA:127,1
DA:130,1
DA:132,1
DA:133,1
DA:134,1
DA:135,1
DA:136,1
DA:139,1
DA:141,1
DA:142,1
DA:143,1
DA:144,1
DA:145,1
DA:148,1
DA:154,1
DA:157,1
DA:169,1
DA:170,1
DA:171,1
DA:173,1
DA:174,1
DA:175,1
DA:178,1
DA:179,1
DA:183,1
DA:184,1
DA:186,1
DA:187,1
DA:188,1
DA:189,1
DA:190,1
DA:192,1
DA:193,1
DA:194,1
DA:196,1
DA:198,1
DA:199,1
DA:200,1
DA:202,1
DA:203,1
DA:204,1
DA:205,1
DA:219,1
DA:222,1
DA:223,1
DA:224,1
DA:225,1
DA:227,1
DA:228,1
DA:231,1
DA:233,1
DA:234,1
DA:235,1
DA:236,1
DA:237,1
DA:240,1
DA:242,1
DA:243,1
DA:248,1
DA:249,1
DA:250,1
DA:253,1
DA:255,1
DA:258,1
DA:259,1
DA:260,1
DA:263,1
DA:264,1
DA:265,1
DA:266,1
DA:267,1
DA:270,1
DA:271,1
DA:272,1
DA:273,1
DA:275,1
DA:276,1
DA:288,1
DA:289,1
DA:290,1
DA:294,1
DA:295,1
DA:296,1
DA:298,1
DA:300,1
DA:302,1
DA:303,1
DA:304,1
DA:305,1
DA:307,1
DA:308,1
DA:322,1
DA:323,1
DA:324,1
DA:327,1
DA:328,1
DA:333,1
DA:334,1
DA:335,1
DA:336,1
DA:338,1
DA:339,1
DA:341,1
DA:342,1
DA:345,1
DA:349,1
DA:350,1
DA:353,1
DA:354,1
DA:356,1
DA:358,1
DA:359,1
DA:362,1
DA:365,1
DA:366,1
DA:367,1
DA:368,1
DA:369,1
DA:371,1
DA:372,1
DA:378,1
DA:379,1
DA:382,1
DA:383,0
DA:384,0
DA:386,1
DA:389,1
DA:390,1
DA:391,1
DA:392,1
DA:393,1
DA:394,1
DA:395,1
DA:397,1
DA:398,1
DA:399,1
DA:400,1
DA:403,1
DA:405,1
DA:407,1
DA:421,1
DA:422,0
DA:424,1
DA:439,1
DA:441,1
DA:444,1
DA:445,1
DA:446,1
DA:448,1
DA:452,1
DA:453,1
DA:454,1
DA:456,1
DA:457,1
DA:464,1
DA:465,1
DA:466,1
DA:467,1
DA:468,1
DA:470,1
DA:471,1
DA:474,1
DA:477,1
DA:478,1
DA:479,1
DA:493,1
DA:494,0
DA:495,0
DA:498,1
DA:499,1
DA:500,1
DA:501,1
DA:502,1
DA:505,1
DA:506,0
DA:507,0
DA:508,0
DA:509,0
DA:510,0
DA:512,1
DA:515,1
DA:518,1
DA:519,1
DA:521,1
DA:522,1
DA:523,1
DA:524,1
DA:526,1
DA:529,1
DA:530,0
DA:531,0
DA:533,1
DA:534,1
DA:537,1
DA:539,1
DA:540,1
DA:541,1
DA:548,1
DA:549,1
DA:550,1
DA:551,1
DA:557,1
DA:558,1
DA:559,1
DA:560,1
DA:561,1
DA:562,1
DA:563,1
DA:564,1
DA:565,1
DA:571,1
DA:572,1
DA:580,1
DA:583,1
DA:585,1
DA:586,1
DA:587,1
DA:589,1
DA:590,1
DA:591,1
DA:592,1
DA:593,1
DA:594,1
DA:595,1
DA:597,1
DA:599,1
DA:600,1
DA:602,1
DA:603,1
DA:604,1
DA:606,1
DA:608,1
DA:609,1
DA:610,1
DA:613,1
DA:615,1
DA:616,1
DA:617,1
DA:623,1
DA:624,1
DA:625,1
DA:626,1
DA:627,1
DA:628,1
DA:629,1
DA:630,1
DA:632,1
DA:633,1
DA:634,1
DA:635,1
DA:636,1
DA:637,1
DA:638,1
DA:640,1
DA:641,1
DA:642,1
DA:645,1
DA:646,0
LF:330
LH:317
FN:46,76,get_namespace
FNDA:1,get_namespace
FN:79,90,_sanitize_namespace
FNDA:1,_sanitize_namespace
FN:93,95,get_test_db_name
FNDA:1,get_test_db_name
FN:98,100,get_s3_bucket
FNDA:1,get_s3_bucket
FN:105,106,log
FNDA:1,log
FN:109,118,load_active_namespaces
FNDA:1,load_active_namespaces
FN:121,127,save_active_namespaces
FNDA:1,save_active_namespaces
FN:130,136,register_namespace
FNDA:1,register_namespace
FN:139,145,unregister_namespace
FNDA:1,unregister_namespace
FN:148,228,cleanup_orphan_databases
FNDA:1,cleanup_orphan_databases
FN:231,237,get_container_runtime
FNDA:1,get_container_runtime
FN:240,250,is_db_ready
FNDA:1,is_db_ready
FN:253,324,cleanup_worker_databases
FNDA:1,cleanup_worker_databases
FN:328,515,test_database
FNDA:1,test_database
FN:518,610,main
FNDA:1,main
FN:529,531,main.signal_handler
FNDA:0,main.signal_handler
FN:613,642,_get_changed_files
FNDA:1,_get_changed_files
FNF:17
FNH:16
end_of_record
SF:tests/__init__.py
end_of_record
SF:tests/test_analyze_test_ac_coverage.py
DA:3,1
DA:4,1
DA:5,1
DA:7,1
DA:9,1
DA:16,1
DA:19,1
DA:20,1
DA:21,1
DA:22,1
DA:23,1
DA:25,1
DA:26,1
DA:27,1
DA:28,1
DA:30,1
DA:31,1
DA:32,1
DA:33,1
DA:34,1
DA:36,1
DA:37,1
DA:38,1
DA:39,1
DA:40,1
DA:42,1
DA:43,1
DA:44,1
DA:45,1
DA:46,1
DA:48,1
DA:49,1
DA:50,1
DA:51,1
DA:53,1
DA:54,1
DA:55,1
DA:56,1
DA:58,1
DA:59,1
DA:60,1
DA:61,1
DA:63,1
DA:64,1
DA:65,1
DA:66,1
DA:68,1
DA:69,1
DA:70,1
DA:71,1
DA:73,1
DA:74,1
DA:75,1
DA:76,1
DA:78,1
DA:79,1
DA:80,1
DA:81,1
DA:83,1
DA:84,1
DA:85,1
DA:86,1
DA:88,1
DA:89,1
DA:90,1
DA:91,1
DA:93,1
DA:94,1
DA:95,1
DA:96,1
DA:98,1
DA:99,1
DA:100,1
DA:101,1
DA:103,1
DA:104,1
DA:105,1
DA:106,1
DA:108,1
DA:109,1
DA:110,1
DA:111,1
DA:113,1
DA:114,1
DA:115,1
DA:116,1
DA:118,1
DA:119,1
DA:120,1
DA:121,1
DA:123,1
DA:124,1
DA:125,1
DA:126,1
DA:128,1
DA:129,1
DA:130,1
DA:131,1
DA:133,1
DA:134,1
DA:135,1
DA:136,1
DA:138,1
DA:139,1
DA:140,1
DA:141,1
DA:143,1
DA:144,1
DA:145,1
DA:146,1
DA:148,1
DA:149,1
DA:150,1
DA:151,1
DA:153,1
DA:154,1
DA:155,1
DA:156,1
DA:158,1
DA:159,1
DA:160,1
DA:161,1
DA:163,1
DA:164,1
DA:165,1
DA:166,1
DA:167,1
DA:170,1
DA:171,1
DA:172,1
DA:173,1
DA:174,1
DA:175,1
DA:176,1
DA:177,1
DA:178,1
DA:179,1
DA:180,1
DA:182,1
DA:183,1
DA:184,1
DA:186,1
DA:187,1
DA:188,1
DA:193,1
DA:195,1
DA:196,1
DA:197,1
DA:199,1
DA:200,1
DA:201,1
DA:202,1
DA:204,1
DA:206,1
DA:207,1
DA:208,1
DA:213,1
DA:215,1
DA:217,1
DA:218,1
DA:219,1
DA:221,1
DA:222,0
DA:224,1
DA:226,1
DA:227,1
DA:229,1
DA:230,1
DA:231,1
DA:233,1
DA:235,1
DA:236,0
DA:238,1
DA:240,1
DA:241,0
DA:242,0
DA:243,0
DA:244,0
DA:245,0
DA:246,0
DA:249,1
DA:250,1
DA:251,1
DA:252,1
DA:253,1
DA:254,1
DA:255,0
DA:256,1
DA:257,1
DA:258,1
LF:190
LH:181
FN:19,23,TestSuggestAc.test_accounting_domain_balance_keyword
FNDA:1,TestSuggestAc.test_accounting_domain_balance_keyword
FN:25,28,TestSuggestAc.test_accounting_domain_equation_keyword
FNDA:1,TestSuggestAc.test_accounting_domain_equation_keyword
FN:30,34,TestSuggestAc.test_accounting_domain_void_keyword
FNDA:1,TestSuggestAc.test_accounting_domain_void_keyword
FN:36,40,TestSuggestAc.test_accounting_domain_journal_keyword
FNDA:1,TestSuggestAc.test_accounting_domain_journal_keyword
FN:42,46,TestSuggestAc.test_accounting_domain_default
FNDA:1,TestSuggestAc.test_accounting_domain_default
FN:48,51,TestSuggestAc.test_extraction_domain_balance_valid
FNDA:1,TestSuggestAc.test_extraction_domain_balance_valid
FN:53,56,TestSuggestAc.test_extraction_domain_confidence
FNDA:1,TestSuggestAc.test_extraction_domain_confidence
FN:58,61,TestSuggestAc.test_extraction_domain_parse
FNDA:1,TestSuggestAc.test_extraction_domain_parse
FN:63,66,TestSuggestAc.test_extraction_domain_upload
FNDA:1,TestSuggestAc.test_extraction_domain_upload
FN:68,71,TestSuggestAc.test_reconciliation_domain_score
FNDA:1,TestSuggestAc.test_reconciliation_domain_score
FN:73,76,TestSuggestAc.test_reconciliation_domain_accept_without_score_in_name
FNDA:1,TestSuggestAc.test_reconciliation_domain_accept_without_score_in_name
FN:78,81,TestSuggestAc.test_reconciliation_domain_match
FNDA:1,TestSuggestAc.test_reconciliation_domain_match
FN:83,86,TestSuggestAc.test_reconciliation_domain_anomaly
FNDA:1,TestSuggestAc.test_reconciliation_domain_anomaly
FN:88,91,TestSuggestAc.test_reporting_domain_balance_sheet
FNDA:1,TestSuggestAc.test_reporting_domain_balance_sheet
FN:93,96,TestSuggestAc.test_reporting_domain_income
FNDA:1,TestSuggestAc.test_reporting_domain_income
FN:98,101,TestSuggestAc.test_reporting_domain_fx
FNDA:1,TestSuggestAc.test_reporting_domain_fx
FN:103,106,TestSuggestAc.test_reporting_domain_snapshot
FNDA:1,TestSuggestAc.test_reporting_domain_snapshot
FN:108,111,TestSuggestAc.test_ai_domain_chat
FNDA:1,TestSuggestAc.test_ai_domain_chat
FN:113,116,TestSuggestAc.test_ai_domain_model
FNDA:1,TestSuggestAc.test_ai_domain_model
FN:118,121,TestSuggestAc.test_ai_domain_streaming
FNDA:1,TestSuggestAc.test_ai_domain_streaming
FN:123,126,TestSuggestAc.test_ai_domain_advisor
FNDA:1,TestSuggestAc.test_ai_domain_advisor
FN:128,131,TestSuggestAc.test_assets_domain_depreciation
FNDA:1,TestSuggestAc.test_assets_domain_depreciation
FN:133,136,TestSuggestAc.test_assets_domain_purchase
FNDA:1,TestSuggestAc.test_assets_domain_purchase
FN:138,141,TestSuggestAc.test_assets_domain_disposal
FNDA:1,TestSuggestAc.test_assets_domain_disposal
FN:143,146,TestSuggestAc.test_auth_domain_login
FNDA:1,TestSuggestAc.test_auth_domain_login
FN:148,151,TestSuggestAc.test_infra_domain_config
FNDA:1,TestSuggestAc.test_infra_domain_config
FN:153,156,TestSuggestAc.test_infra_domain_migration
FNDA:1,TestSuggestAc.test_infra_domain_migration
FN:158,161,TestSuggestAc.test_api_domain_rate_limit
FNDA:1,TestSuggestAc.test_api_domain_rate_limit
FN:163,167,TestSuggestAc.test_unknown_domain_returns_uncategorized
FNDA:1,TestSuggestAc.test_unknown_domain_returns_uncategorized
FN:171,176,TestExtractTestFunctions.test_returns_empty_list_for_missing_file
FNDA:1,TestExtractTestFunctions.test_returns_empty_list_for_missing_file
FN:177,184,TestExtractTestFunctions.test_returns_empty_list_for_syntax_error_file
FNDA:1,TestExtractTestFunctions.test_returns_empty_list_for_syntax_error_file
FN:186,197,TestExtractTestFunctions.test_returns_empty_for_file_outside_project_root
FNDA:1,TestExtractTestFunctions.test_returns_empty_for_file_outside_project_root
FN:199,204,TestExtractTestFunctions.test_handles_empty_file
FNDA:1,TestExtractTestFunctions.test_handles_empty_file
FN:206,215,TestExtractTestFunctions.test_handles_file_with_no_test_functions
FNDA:1,TestExtractTestFunctions.test_handles_file_with_no_test_functions
FN:217,227,TestExtractTestFunctions.test_extracts_from_real_project_test_file
FNDA:1,TestExtractTestFunctions.test_extracts_from_real_project_test_file
FN:229,246,TestExtractTestFunctions.test_ac_pattern_detection_with_real_file
FNDA:1,TestExtractTestFunctions.test_ac_pattern_detection_with_real_file
FN:250,258,TestMain.test_main_runs_with_real_tests_dir
FNDA:1,TestMain.test_main_runs_with_real_tests_dir
FNF:37
FNH:37
end_of_record
SF:tests/test_calculate_unified_coverage.py
DA:6,1
DA:7,1
DA:8,1
DA:9,1
DA:11,1
DA:14,1
DA:16,1
DA:24,1
DA:27,1
DA:28,1
DA:30,1
DA:31,1
DA:33,1
DA:34,1
DA:36,1
DA:37,1
DA:39,1
DA:40,1
DA:42,1
DA:43,1
DA:45,1
DA:46,1
DA:48,1
DA:49,1
DA:51,1
DA:52,1
DA:54,1
DA:55,1
DA:57,1
DA:58,1
DA:60,1
DA:61,1
DA:63,1
DA:64,1
DA:66,1
DA:67,1
DA:69,1
DA:70,1
DA:72,1
DA:73,1
DA:75,1
DA:77,1
DA:85,1
DA:88,1
DA:89,1
DA:90,1
DA:91,1
DA:93,1
DA:94,1
DA:95,1
DA:96,1
DA:98,1
DA:99,1
DA:101,1
DA:102,1
DA:103,1
DA:104,1
DA:112,1
DA:115,1
DA:116,1
DA:117,1
DA:118,1
DA:119,1
DA:121,1
DA:122,1
DA:123,1
DA:124,1
DA:125,1
DA:126,1
DA:127,1
DA:128,1
DA:130,1
DA:131,1
DA:132,1
DA:133,1
DA:134,1
DA:135,1
DA:136,1
DA:137,1
DA:139,1
DA:140,1
DA:141,1
DA:142,1
DA:143,1
DA:144,1
DA:145,1
DA:147,1
DA:148,1
DA:149,1
DA:150,1
DA:151,1
DA:152,1
DA:153,1
DA:154,1
DA:156,1
DA:157,1
DA:158,1
DA:159,1
DA:160,1
DA:161,1
DA:162,1
DA:169,1
DA:186,1
DA:189,1
DA:190,1
DA:191,1
DA:192,1
DA:193,1
DA:194,1
DA:196,1
DA:197,1
DA:198,1
DA:199,1
DA:201,1
DA:202,1
DA:203,1
DA:204,1
DA:205,1
DA:206,1
DA:208,1
DA:209,1
DA:210,1
DA:211,1
DA:212,1
DA:214,1
DA:215,1
DA:217,1
DA:218,1
DA:228,1
DA:229,1
DA:230,1
DA:231,1
DA:232,1
DA:240,1
DA:243,1
DA:244,1
DA:246,1
DA:247,1
DA:248,1
DA:249,1
DA:250,1
DA:251,1
DA:252,1
DA:254,1
DA:255,1
DA:256,1
DA:257,1
DA:258,1
DA:259,1
DA:261,1
DA:262,1
DA:265,1
DA:267,1
DA:268,1
DA:269,1
DA:270,1
DA:271,1
DA:272,1
DA:273,1
DA:274,1
DA:275,1
DA:277,1
DA:279,1
DA:280,1
DA:281,1
DA:282,1
DA:283,1
DA:291,1
DA:294,1
DA:296,1
DA:297,1
DA:298,1
DA:299,1
DA:302,1
DA:303,1
DA:304,1
DA:305,1
DA:306,1
DA:308,1
DA:309,1
DA:311,1
DA:313,1
DA:314,1
DA:316,1
DA:317,1
DA:318,1
DA:319,1
DA:320,1
DA:322,1
DA:323,1
DA:325,1
DA:326,1
DA:327,1
DA:328,1
DA:329,1
DA:331,1
DA:332,1
DA:340,1
DA:343,1
DA:344,1
DA:345,1
DA:347,1
DA:348,1
DA:349,1
DA:350,1
DA:353,1
DA:356,1
DA:360,1
DA:361,1
DA:362,1
DA:363,1
DA:365,1
DA:366,1
DA:367,1
DA:368,1
DA:371,1
DA:374,1
DA:378,1
DA:379,1
DA:380,1
DA:382,1
DA:383,1
DA:384,1
DA:385,1
DA:388,1
DA:391,1
DA:395,1
DA:396,1
DA:398,1
DA:399,1
DA:400,1
DA:401,1
DA:402,1
DA:409,1
DA:412,1
DA:415,1
DA:416,1
DA:426,1
DA:429,1
DA:430,1
DA:431,1
DA:434,1
DA:435,1
DA:437,1
DA:438,1
DA:439,1
DA:442,1
DA:443,1
DA:444,1
DA:446,1
DA:449,1
DA:450,1
DA:460,1
DA:463,1
DA:464,1
DA:465,1
DA:468,1
DA:479,1
DA:480,1
DA:482,1
DA:483,1
DA:484,1
DA:487,1
DA:488,1
DA:489,1
DA:491,1
DA:492,1
DA:493,1
DA:495,1
DA:498,1
DA:499,1
DA:509,1
DA:511,1
DA:512,1
DA:513,1
DA:516,1
DA:517,1
DA:519,1
DA:520,1
DA:522,1
DA:523,1
DA:525,1
DA:526,1
DA:527,1
DA:530,1
DA:531,1
DA:532,1
DA:534,1
DA:536,1
DA:537,1
DA:547,1
DA:549,1
DA:550,1
DA:551,1
DA:554,1
DA:555,1
DA:557,1
DA:558,1
DA:560,1
DA:561,1
DA:563,1
DA:564,1
DA:565,1
DA:567,1
DA:568,1
DA:569,1
DA:571,1
DA:573,1
DA:574,1
DA:584,1
DA:586,1
DA:587,1
DA:588,1
DA:591,1
DA:592,1
DA:594,1
DA:595,1
DA:597,1
DA:598,1
DA:600,1
DA:601,1
DA:602,1
DA:604,1
DA:605,1
DA:606,1
DA:608,1
DA:610,1
DA:611,1
DA:621,1
DA:623,1
DA:624,1
DA:625,1
DA:628,1
DA:629,1
DA:631,1
DA:632,1
DA:634,1
DA:635,1
DA:637,1
DA:638,1
DA:639,1
DA:641,1
DA:642,1
DA:643,1
DA:645,1
DA:648,1
DA:650,1
DA:651,1
DA:652,1
DA:654,1
DA:655,1
DA:657,1
DA:658,1
DA:659,1
DA:662,1
DA:663,1
DA:664,1
DA:666,1
DA:669,1
DA:670,1
DA:672,1
DA:683,1
DA:685,1
DA:696,1
DA:699,1
DA:700,1
DA:701,1
DA:703,1
DA:704,1
DA:706,1
DA:707,1
DA:708,1
DA:710,1
DA:711,1
DA:712,1
DA:715,1
DA:717,1
DA:718,1
DA:720,1
DA:721,1
DA:722,1
DA:724,1
DA:725,1
DA:726,1
LF:384
LH:384
FN:27,28,TestIsTestFile.test_test_prefix_excluded
FNDA:1,TestIsTestFile.test_test_prefix_excluded
FN:30,31,TestIsTestFile.test_test_dir_excluded
FNDA:1,TestIsTestFile.test_test_dir_excluded
FN:33,34,TestIsTestFile.test_double_underscore_tests_excluded
FNDA:1,TestIsTestFile.test_double_underscore_tests_excluded
FN:36,37,TestIsTestFile.test_test_ts_excluded
FNDA:1,TestIsTestFile.test_test_ts_excluded
FN:39,40,TestIsTestFile.test_spec_ts_excluded
FNDA:1,TestIsTestFile.test_spec_ts_excluded
FN:42,43,TestIsTestFile.test_spec_tsx_excluded
FNDA:1,TestIsTestFile.test_spec_tsx_excluded
FN:45,46,TestIsTestFile.test_test_suffix_excluded
FNDA:1,TestIsTestFile.test_test_suffix_excluded
FN:48,49,TestIsTestFile.test_conftest_excluded
FNDA:1,TestIsTestFile.test_conftest_excluded
FN:51,52,TestIsTestFile.test_pyproject_excluded
FNDA:1,TestIsTestFile.test_pyproject_excluded
FN:54,55,TestIsTestFile.test_node_modules_excluded
FNDA:1,TestIsTestFile.test_node_modules_excluded
FN:57,58,TestIsTestFile.test_next_dir_excluded
FNDA:1,TestIsTestFile.test_next_dir_excluded
FN:60,61,TestIsTestFile.test_venv_excluded
FNDA:1,TestIsTestFile.test_venv_excluded
FN:63,64,TestIsTestFile.test_normal_py_included
FNDA:1,TestIsTestFile.test_normal_py_included
FN:66,67,TestIsTestFile.test_normal_ts_included
FNDA:1,TestIsTestFile.test_normal_ts_included
FN:69,70,TestIsTestFile.test_normal_tsx_included
FNDA:1,TestIsTestFile.test_normal_tsx_included
FN:72,73,TestIsTestFile.test_scripts_py_included
FNDA:1,TestIsTestFile.test_scripts_py_included
FN:75,77,TestIsTestFile.test_windows_path_normalised
FNDA:1,TestIsTestFile.test_windows_path_normalised
FN:88,91,TestCountLines.test_counts_nonempty_file
FNDA:1,TestCountLines.test_counts_nonempty_file
FN:93,96,TestCountLines.test_counts_single_line_no_newline
FNDA:1,TestCountLines.test_counts_single_line_no_newline
FN:98,99,TestCountLines.test_returns_zero_for_missing_file
FNDA:1,TestCountLines.test_returns_zero_for_missing_file
FN:101,104,TestCountLines.test_empty_file
FNDA:1,TestCountLines.test_empty_file
FN:115,119,TestCountCodeLines._write
FNDA:1,TestCountCodeLines._write
FN:121,128,TestCountCodeLines.test_counts_py_files
FNDA:1,TestCountCodeLines.test_counts_py_files
FN:130,137,TestCountCodeLines.test_excludes_test_files
FNDA:1,TestCountCodeLines.test_excludes_test_files
FN:139,145,TestCountCodeLines.test_excludes_tests_dir
FNDA:1,TestCountCodeLines.test_excludes_tests_dir
FN:147,154,TestCountCodeLines.test_multiple_extensions
FNDA:1,TestCountCodeLines.test_multiple_extensions
FN:156,162,TestCountCodeLines.test_empty_directory
FNDA:1,TestCountCodeLines.test_empty_directory
FN:189,194,TestParseLcovFile.test_parses_two_files
FNDA:1,TestParseLcovFile.test_parses_two_files
FN:196,199,TestParseLcovFile.test_missing_file_returns_zeros
FNDA:1,TestParseLcovFile.test_missing_file_returns_zeros
FN:201,206,TestParseLcovFile.test_empty_lcov
FNDA:1,TestParseLcovFile.test_empty_lcov
FN:208,215,TestParseLcovFile.test_last_record_without_end_of_record
FNDA:1,TestParseLcovFile.test_last_record_without_end_of_record
FN:217,232,TestParseLcovFile.test_multiple_files_accumulated
FNDA:1,TestParseLcovFile.test_multiple_files_accumulated
FN:243,244,TestCalculateUnifiedCoverage._make
FNDA:1,TestCalculateUnifiedCoverage._make
FN:246,252,TestCalculateUnifiedCoverage.test_sums_correctly
FNDA:1,TestCalculateUnifiedCoverage.test_sums_correctly
FN:254,259,TestCalculateUnifiedCoverage.test_coverage_percent_rounded
FNDA:1,TestCalculateUnifiedCoverage.test_coverage_percent_rounded
FN:261,265,TestCalculateUnifiedCoverage.test_zero_total_no_division_error
FNDA:1,TestCalculateUnifiedCoverage.test_zero_total_no_division_error
FN:267,275,TestCalculateUnifiedCoverage.test_breakdown_included
FNDA:1,TestCalculateUnifiedCoverage.test_breakdown_included
FN:277,283,TestCalculateUnifiedCoverage.test_coverage_close_to_30_pct
FNDA:1,TestCalculateUnifiedCoverage.test_coverage_close_to_30_pct
FN:294,309,TestGetScriptsCoverage.test_uses_ci_path_when_present
FNDA:1,TestGetScriptsCoverage.test_uses_ci_path_when_present
FN:311,323,TestGetScriptsCoverage.test_uses_root_fallback_when_no_ci_path
FNDA:1,TestGetScriptsCoverage.test_uses_root_fallback_when_no_ci_path
FN:325,332,TestGetScriptsCoverage.test_returns_zero_when_no_lcov
FNDA:1,TestGetScriptsCoverage.test_returns_zero_when_no_lcov
FN:343,345,TestMain._fake_coverage
FNDA:1,TestMain._fake_coverage
FN:347,363,TestMain.test_main_exits_zero_when_above_threshold
FNDA:1,TestMain.test_main_exits_zero_when_above_threshold
FN:365,380,TestMain.test_main_exits_one_when_below_threshold
FNDA:1,TestMain.test_main_exits_one_when_below_threshold
FN:382,402,TestMain.test_main_writes_valid_json
FNDA:1,TestMain.test_main_writes_valid_json
FN:412,444,TestBaselineComparison.test_passes_when_coverage_equals_baseline
FNDA:1,TestBaselineComparison.test_passes_when_coverage_equals_baseline
FN:434,435,TestBaselineComparison.test_passes_when_coverage_equals_baseline.mock_coverage
FNDA:1,TestBaselineComparison.test_passes_when_coverage_equals_baseline.mock_coverage
FN:446,493,TestBaselineComparison.test_fails_when_unified_drops_below_baseline
FNDA:1,TestBaselineComparison.test_fails_when_unified_drops_below_baseline
FN:479,480,TestBaselineComparison.test_fails_when_unified_drops_below_baseline.mock_coverage
FNDA:1,TestBaselineComparison.test_fails_when_unified_drops_below_baseline.mock_coverage
FN:495,532,TestBaselineComparison.test_fails_when_backend_drops_despite_unified_ok
FNDA:1,TestBaselineComparison.test_fails_when_backend_drops_despite_unified_ok
FN:516,517,TestBaselineComparison.test_fails_when_backend_drops_despite_unified_ok.mock_backend
FNDA:1,TestBaselineComparison.test_fails_when_backend_drops_despite_unified_ok.mock_backend
FN:519,520,TestBaselineComparison.test_fails_when_backend_drops_despite_unified_ok.mock_frontend
FNDA:1,TestBaselineComparison.test_fails_when_backend_drops_despite_unified_ok.mock_frontend
FN:522,523,TestBaselineComparison.test_fails_when_backend_drops_despite_unified_ok.mock_scripts
FNDA:1,TestBaselineComparison.test_fails_when_backend_drops_despite_unified_ok.mock_scripts
FN:534,569,TestBaselineComparison.test_fails_when_frontend_drops
FNDA:1,TestBaselineComparison.test_fails_when_frontend_drops
FN:554,555,TestBaselineComparison.test_fails_when_frontend_drops.mock_backend
FNDA:1,TestBaselineComparison.test_fails_when_frontend_drops.mock_backend
FN:557,558,TestBaselineComparison.test_fails_when_frontend_drops.mock_frontend
FNDA:1,TestBaselineComparison.test_fails_when_frontend_drops.mock_frontend
FN:560,561,TestBaselineComparison.test_fails_when_frontend_drops.mock_scripts
FNDA:1,TestBaselineComparison.test_fails_when_frontend_drops.mock_scripts
FN:571,606,TestBaselineComparison.test_fails_when_scripts_drops
FNDA:1,TestBaselineComparison.test_fails_when_scripts_drops
FN:591,592,TestBaselineComparison.test_fails_when_scripts_drops.mock_backend
FNDA:1,TestBaselineComparison.test_fails_when_scripts_drops.mock_backend
FN:594,595,TestBaselineComparison.test_fails_when_scripts_drops.mock_frontend
FNDA:1,TestBaselineComparison.test_fails_when_scripts_drops.mock_frontend
FN:597,598,TestBaselineComparison.test_fails_when_scripts_drops.mock_scripts
FNDA:1,TestBaselineComparison.test_fails_when_scripts_drops.mock_scripts
FN:608,643,TestBaselineComparison.test_passes_when_all_components_improve
FNDA:1,TestBaselineComparison.test_passes_when_all_components_improve
FN:628,629,TestBaselineComparison.test_passes_when_all_components_improve.mock_backend
FNDA:1,TestBaselineComparison.test_passes_when_all_components_improve.mock_backend
FN:631,632,TestBaselineComparison.test_passes_when_all_components_improve.mock_frontend
FNDA:1,TestBaselineComparison.test_passes_when_all_components_improve.mock_frontend
FN:634,635,TestBaselineComparison.test_passes_when_all_components_improve.mock_scripts
FNDA:1,TestBaselineComparison.test_passes_when_all_components_improve.mock_scripts
FN:645,664,TestBaselineComparison.test_skips_baseline_check_when_file_missing
FNDA:1,TestBaselineComparison.test_skips_baseline_check_when_file_missing
FN:654,655,TestBaselineComparison.test_skips_baseline_check_when_file_missing.mock_coverage
FNDA:1,TestBaselineComparison.test_skips_baseline_check_when_file_missing.mock_coverage
FN:666,726,TestBaselineComparison.test_baseline_file_path_configurable
FNDA:1,TestBaselineComparison.test_baseline_file_path_configurable
FN:703,704,TestBaselineComparison.test_baseline_file_path_configurable.mock_coverage
FNDA:1,TestBaselineComparison.test_baseline_file_path_configurable.mock_coverage
FN:717,718,TestBaselineComparison.test_baseline_file_path_configurable.mock_coverage2
FNDA:1,TestBaselineComparison.test_baseline_file_path_configurable.mock_coverage2
FNF:70
FNH:70
end_of_record
SF:tests/test_check_ac_traceability.py
DA:6,1
DA:7,1
DA:8,1
DA:10,1
DA:12,1
DA:14,1
DA:17,1
DA:39,1
DA:42,1
DA:43,1
DA:44,1
DA:45,1
DA:46,1
DA:48,1
DA:49,1
DA:50,1
DA:51,1
DA:52,1
DA:53,1
DA:54,1
DA:55,1
DA:56,1
DA:58,1
DA:59,1
DA:60,1
DA:61,1
DA:62,1
DA:63,1
DA:65,1
DA:66,1
DA:67,1
DA:70,1
DA:73,1
DA:74,1
DA:75,1
DA:76,1
DA:77,1
DA:78,1
DA:80,1
DA:81,1
DA:82,1
DA:83,1
DA:84,1
DA:85,1
DA:87,1
DA:88,1
DA:89,1
DA:90,1
DA:91,1
DA:92,1
DA:94,1
DA:95,1
DA:96,1
DA:97,1
DA:98,1
DA:99,1
DA:100,1
DA:102,1
DA:103,1
DA:104,1
DA:105,1
DA:106,1
DA:107,1
DA:109,1
DA:110,1
DA:111,1
DA:113,1
DA:114,1
DA:115,1
DA:116,1
DA:117,1
DA:118,1
DA:119,1
DA:120,1
DA:121,1
DA:124,1
DA:127,1
DA:128,1
DA:129,1
DA:130,1
DA:132,1
DA:133,1
DA:138,1
DA:139,1
DA:141,1
DA:142,1
DA:143,1
DA:144,1
DA:145,1
DA:146,1
DA:148,1
DA:149,1
DA:150,1
DA:151,1
DA:152,1
DA:154,1
DA:155,1
DA:156,1
DA:157,1
DA:159,1
DA:160,1
DA:161,1
DA:162,1
DA:165,1
DA:168,1
DA:169,1
DA:173,1
DA:174,1
DA:175,1
DA:176,1
DA:177,1
DA:178,1
DA:180,1
DA:181,1
DA:182,1
DA:183,1
DA:184,1
DA:186,1
DA:187,1
DA:191,1
DA:192,1
DA:193,1
DA:194,1
DA:196,1
DA:197,1
DA:198,1
DA:199,1
DA:200,1
DA:202,1
DA:203,1
DA:208,1
DA:209,1
DA:210,1
DA:211,1
DA:212,1
DA:215,1
DA:218,1
DA:219,1
DA:227,1
DA:228,1
DA:229,1
DA:232,1
DA:233,1
DA:234,1
DA:236,1
DA:237,1
DA:238,1
DA:241,1
DA:242,1
DA:243,1
DA:244,1
DA:246,1
DA:247,1
DA:248,1
DA:251,1
DA:252,1
DA:253,1
DA:255,1
DA:256,1
DA:259,1
DA:260,1
DA:263,1
DA:266,1
DA:267,1
DA:268,1
DA:269,1
DA:270,1
DA:271,1
DA:272,1
DA:274,1
DA:275,1
DA:280,1
DA:281,1
DA:282,1
DA:294,1
DA:296,1
DA:297,1
DA:302,1
DA:303,1
DA:304,1
DA:316,1
DA:318,1
DA:319,1
DA:324,1
DA:325,1
DA:326,1
DA:339,1
LF:187
LH:187
FN:42,46,TestLoadRegistry.test_loads_all_entries
FNDA:1,TestLoadRegistry.test_loads_all_entries
FN:48,56,TestLoadRegistry.test_ac_fields
FNDA:1,TestLoadRegistry.test_ac_fields
FN:58,63,TestLoadRegistry.test_mandatory_false_parsed
FNDA:1,TestLoadRegistry.test_mandatory_false_parsed
FN:65,67,TestLoadRegistry.test_missing_registry_exits
FNDA:1,TestLoadRegistry.test_missing_registry_exits
FN:73,78,TestFindTestFiles.test_finds_test_py_files
FNDA:1,TestFindTestFiles.test_finds_test_py_files
FN:80,85,TestFindTestFiles.test_finds_test_ts_files
FNDA:1,TestFindTestFiles.test_finds_test_ts_files
FN:87,92,TestFindTestFiles.test_finds_test_tsx_files
FNDA:1,TestFindTestFiles.test_finds_test_tsx_files
FN:94,100,TestFindTestFiles.test_skips_non_test_files
FNDA:1,TestFindTestFiles.test_skips_non_test_files
FN:102,107,TestFindTestFiles.test_excludes_node_modules
FNDA:1,TestFindTestFiles.test_excludes_node_modules
FN:109,111,TestFindTestFiles.test_missing_directory_skipped
FNDA:1,TestFindTestFiles.test_missing_directory_skipped
FN:113,121,TestFindTestFiles.test_multiple_directories
FNDA:1,TestFindTestFiles.test_multiple_directories
FN:127,130,TestCollectReferencedAcs._write_test
FNDA:1,TestCollectReferencedAcs._write_test
FN:132,139,TestCollectReferencedAcs.test_finds_ac_reference
FNDA:1,TestCollectReferencedAcs.test_finds_ac_reference
FN:141,146,TestCollectReferencedAcs.test_finds_multiple_references_in_file
FNDA:1,TestCollectReferencedAcs.test_finds_multiple_references_in_file
FN:148,152,TestCollectReferencedAcs.test_same_ac_multiple_files
FNDA:1,TestCollectReferencedAcs.test_same_ac_multiple_files
FN:154,157,TestCollectReferencedAcs.test_no_references_returns_empty
FNDA:1,TestCollectReferencedAcs.test_no_references_returns_empty
FN:159,162,TestCollectReferencedAcs.test_does_not_match_partial_ids
FNDA:1,TestCollectReferencedAcs.test_does_not_match_partial_ids
FN:168,171,TestCheckTraceability._make_ac
FNDA:1,TestCheckTraceability._make_ac
FN:173,178,TestCheckTraceability.test_all_covered
FNDA:1,TestCheckTraceability.test_all_covered
FN:180,184,TestCheckTraceability.test_none_covered
FNDA:1,TestCheckTraceability.test_none_covered
FN:186,194,TestCheckTraceability.test_non_mandatory_not_required
FNDA:1,TestCheckTraceability.test_non_mandatory_not_required
FN:196,200,TestCheckTraceability.test_total_count
FNDA:1,TestCheckTraceability.test_total_count
FN:202,212,TestCheckTraceability.test_partial_coverage
FNDA:1,TestCheckTraceability.test_partial_coverage
FN:218,225,TestPrintReport._make_ac
FNDA:1,TestPrintReport._make_ac
FN:227,234,TestPrintReport.test_prints_without_error
FNDA:1,TestPrintReport.test_prints_without_error
FN:236,244,TestPrintReport.test_shows_missing_acs
FNDA:1,TestPrintReport.test_shows_missing_acs
FN:246,253,TestPrintReport.test_verbose_shows_covered
FNDA:1,TestPrintReport.test_verbose_shows_covered
FN:255,260,TestPrintReport.test_zero_mandatory_no_crash
FNDA:1,TestPrintReport.test_zero_mandatory_no_crash
FN:266,272,TestMain._setup
FNDA:1,TestMain._setup
FN:274,294,TestMain.test_returns_zero_all_covered
FNDA:1,TestMain.test_returns_zero_all_covered
FN:296,316,TestMain.test_returns_one_with_missing
FNDA:1,TestMain.test_returns_one_with_missing
FN:318,339,TestMain.test_report_only_returns_zero_even_with_missing
FNDA:1,TestMain.test_report_only_returns_zero_even_with_missing
FNF:32
FNH:32
end_of_record
SF:tests/test_check_env_keys.py
DA:3,1
DA:4,1
DA:7,1
DA:9,1
DA:11,1
DA:22,1
DA:25,1
DA:27,1
DA:28,1
DA:30,1
DA:32,1
DA:34,1
DA:37,1
DA:40,1
DA:42,1
DA:43,1
DA:45,1
DA:46,1
DA:47,1
DA:49,1
DA:51,1
DA:52,1
DA:56,1
DA:58,1
DA:59,1
DA:60,1
DA:62,1
DA:64,1
DA:65,1
DA:69,1
DA:72,1
DA:73,1
DA:75,1
DA:77,1
DA:78,1
DA:88,1
DA:90,1
DA:91,1
DA:92,1
DA:94,1
DA:96,1
DA:97,1
DA:99,1
DA:101,1
DA:104,1
DA:107,1
DA:109,1
DA:110,1
DA:112,1
DA:113,1
DA:114,1
DA:116,1
DA:118,1
DA:119,1
DA:124,1
DA:126,1
DA:127,1
DA:128,1
DA:130,1
DA:132,1
DA:133,1
DA:139,1
DA:141,1
DA:142,1
DA:143,1
DA:145,1
DA:147,1
DA:148,1
DA:154,1
DA:156,1
DA:158,1
DA:160,1
DA:161,1
DA:166,1
DA:168,1
DA:169,1
DA:170,1
DA:172,1
DA:174,1
DA:175,1
DA:179,1
DA:181,1
DA:182,1
DA:185,1
DA:188,1
DA:190,1
DA:191,1
DA:193,1
DA:194,1
DA:195,1
DA:197,1
DA:199,1
DA:200,1
DA:209,1
DA:211,1
DA:212,1
DA:213,1
DA:214,1
DA:216,1
DA:218,1
DA:219,1
DA:227,1
DA:229,1
DA:230,1
DA:232,1
DA:234,1
DA:235,1
DA:243,1
DA:245,1
DA:246,1
DA:248,1
DA:250,1
DA:251,1
DA:259,1
DA:261,1
DA:262,1
DA:264,1
DA:266,1
DA:267,1
DA:281,1
DA:283,1
DA:284,1
DA:286,1
DA:288,1
DA:289,1
DA:299,1
DA:301,1
DA:302,1
DA:305,1
DA:308,1
DA:310,1
DA:311,1
DA:315,1
DA:317,1
DA:319,1
DA:320,1
DA:321,1
DA:323,1
DA:325,1
DA:326,1
DA:329,1
DA:331,1
DA:333,1
DA:334,1
DA:336,1
DA:338,1
DA:339,1
DA:343,1
DA:345,1
DA:347,1
DA:348,1
DA:350,1
DA:352,1
DA:353,1
DA:356,1
DA:358,1
DA:360,1
DA:362,1
DA:364,1
DA:365,1
DA:368,1
DA:370,1
DA:372,1
DA:374,1
DA:376,1
DA:377,1
DA:380,1
DA:382,1
DA:384,1
DA:387,1
DA:390,1
DA:392,1
DA:402,1
DA:404,1
DA:405,1
DA:407,1
DA:409,1
DA:419,1
DA:421,1
DA:422,1
DA:423,1
DA:425,1
DA:427,1
DA:437,1
DA:439,1
DA:440,1
DA:443,1
DA:446,1
DA:448,1
DA:453,1
DA:457,1
DA:459,1
DA:464,1
DA:466,1
DA:467,1
DA:468,1
DA:470,1
DA:472,1
DA:477,1
DA:479,1
DA:480,1
DA:481,1
DA:489,1
DA:490,1
DA:492,1
DA:501,1
DA:502,1
DA:503,1
DA:504,1
DA:505,1
DA:513,1
DA:514,1
DA:516,1
DA:518,1
DA:519,1
DA:520,1
DA:522,1
DA:523,1
DA:524,1
DA:531,1
DA:532,1
DA:534,1
DA:535,1
DA:537,1
DA:538,1
DA:539,1
DA:541,1
DA:543,1
DA:545,1
DA:546,1
DA:547,1
DA:549,1
DA:550,1
DA:551,1
DA:558,1
DA:559,1
DA:561,1
DA:562,1
DA:564,1
DA:565,1
DA:566,1
DA:568,1
DA:570,1
DA:572,1
DA:573,1
DA:574,1
DA:576,1
DA:577,1
DA:578,1
DA:585,1
DA:586,1
DA:588,1
DA:589,1
DA:591,1
DA:592,1
DA:593,1
DA:595,1
DA:597,1
DA:599,1
DA:600,1
DA:601,1
DA:603,1
DA:604,1
DA:605,1
DA:612,1
DA:613,1
DA:615,1
DA:616,1
DA:618,1
DA:619,1
DA:620,1
LF:271
LH:271
FN:25,28,TestGetProjectRoot.test_returns_path
FNDA:1,TestGetProjectRoot.test_returns_path
FN:30,34,TestGetProjectRoot.test_returns_parent_of_scripts_dir
FNDA:1,TestGetProjectRoot.test_returns_parent_of_scripts_dir
FN:40,47,TestParseSecretsCtmpl.test_returns_empty_set_for_missing_file
FNDA:1,TestParseSecretsCtmpl.test_returns_empty_set_for_missing_file
FN:49,60,TestParseSecretsCtmpl.test_extracts_env_var_keys
FNDA:1,TestParseSecretsCtmpl.test_extracts_env_var_keys
FN:62,73,TestParseSecretsCtmpl.test_skips_template_variable_assignments
FNDA:1,TestParseSecretsCtmpl.test_skips_template_variable_assignments
FN:75,92,TestParseSecretsCtmpl.test_skips_control_flow_lines
FNDA:1,TestParseSecretsCtmpl.test_skips_control_flow_lines
FN:94,101,TestParseSecretsCtmpl.test_handles_empty_file
FNDA:1,TestParseSecretsCtmpl.test_handles_empty_file
FN:107,114,TestParseEnvExample.test_returns_empty_set_for_missing_file
FNDA:1,TestParseEnvExample.test_returns_empty_set_for_missing_file
FN:116,128,TestParseEnvExample.test_extracts_simple_keys
FNDA:1,TestParseEnvExample.test_extracts_simple_keys
FN:130,143,TestParseEnvExample.test_skips_comments
FNDA:1,TestParseEnvExample.test_skips_comments
FN:145,156,TestParseEnvExample.test_skips_blank_lines
FNDA:1,TestParseEnvExample.test_skips_blank_lines
FN:158,170,TestParseEnvExample.test_handles_export_prefix
FNDA:1,TestParseEnvExample.test_handles_export_prefix
FN:172,182,TestParseEnvExample.test_handles_whitespace
FNDA:1,TestParseEnvExample.test_handles_whitespace
FN:188,195,TestParseConfigPy.test_returns_empty_dict_for_missing_file
FNDA:1,TestParseConfigPy.test_returns_empty_dict_for_missing_file
FN:197,214,TestParseConfigPy.test_extracts_field_from_settings_class
FNDA:1,TestParseConfigPy.test_extracts_field_from_settings_class
FN:216,230,TestParseConfigPy.test_extracts_validation_alias
FNDA:1,TestParseConfigPy.test_extracts_validation_alias
FN:232,246,TestParseConfigPy.test_extracts_alias_choices
FNDA:1,TestParseConfigPy.test_extracts_alias_choices
FN:248,262,TestParseConfigPy.test_skips_model_config
FNDA:1,TestParseConfigPy.test_skips_model_config
FN:264,284,TestParseConfigPy.test_skips_methods_and_decorators
FNDA:1,TestParseConfigPy.test_skips_methods_and_decorators
FN:286,302,TestParseConfigPy.test_stops_at_next_class
FNDA:1,TestParseConfigPy.test_stops_at_next_class
FN:308,321,TestCheckConsistency.test_returns_is_consistent_true_when_all_match
FNDA:1,TestCheckConsistency.test_returns_is_consistent_true_when_all_match
FN:323,334,TestCheckConsistency.test_detects_missing_in_config
FNDA:1,TestCheckConsistency.test_detects_missing_in_config
FN:336,348,TestCheckConsistency.test_detects_undocumented_in_example
FNDA:1,TestCheckConsistency.test_detects_undocumented_in_example
FN:350,360,TestCheckConsistency.test_ignores_next_public_keys_in_suspicious
FNDA:1,TestCheckConsistency.test_ignores_next_public_keys_in_suspicious
FN:362,372,TestCheckConsistency.test_ignores_dokploy_keys_in_suspicious
FNDA:1,TestCheckConsistency.test_ignores_dokploy_keys_in_suspicious
FN:374,384,TestCheckConsistency.test_flags_other_extra_keys_as_suspicious
FNDA:1,TestCheckConsistency.test_flags_other_extra_keys_as_suspicious
FN:390,405,TestPrintReport.test_does_not_crash_with_consistent_result
FNDA:1,TestPrintReport.test_does_not_crash_with_consistent_result
FN:407,423,TestPrintReport.test_does_not_crash_with_inconsistent_result
FNDA:1,TestPrintReport.test_does_not_crash_with_inconsistent_result
FN:425,440,TestPrintReport.test_verbose_shows_suspicious_keys
FNDA:1,TestPrintReport.test_verbose_shows_suspicious_keys
FN:446,453,TestGenerateFixSuggestions.test_does_not_crash_with_no_issues
FNDA:1,TestGenerateFixSuggestions.test_does_not_crash_with_no_issues
FN:457,468,TestGenerateFixSuggestions.test_suggests_config_fix_for_missing_keys
FNDA:1,TestGenerateFixSuggestions.test_suggests_config_fix_for_missing_keys
FN:470,481,TestGenerateFixSuggestions.test_suggests_env_example_fix_for_undocumented
FNDA:1,TestGenerateFixSuggestions.test_suggests_env_example_fix_for_undocumented
FN:490,505,TestPrintReportEdgeCases.test_prints_undocumented_keys
FNDA:1,TestPrintReportEdgeCases.test_prints_undocumented_keys
FN:514,539,TestMainFunction.test_main_exits_0_when_consistent
FNDA:1,TestMainFunction.test_main_exits_0_when_consistent
FN:541,566,TestMainFunction.test_main_exits_1_when_inconsistent
FNDA:1,TestMainFunction.test_main_exits_1_when_inconsistent
FN:568,593,TestMainFunction.test_main_with_diff_flag
FNDA:1,TestMainFunction.test_main_with_diff_flag
FN:595,620,TestMainFunction.test_main_with_fix_flag
FNDA:1,TestMainFunction.test_main_with_fix_flag
FNF:37
FNH:37
end_of_record
SF:tests/test_cleanup_orphaned_dbs.py
DA:1,1
DA:2,1
DA:3,1
DA:5,1
DA:7,1
DA:10,1
DA:11,1
DA:12,1
DA:13,1
DA:16,1
DA:17,1
DA:18,1
DA:21,1
DA:22,1
DA:23,1
DA:24,1
DA:25,1
DA:28,1
DA:29,1
DA:30,1
DA:31,1
DA:32,0
DA:34,1
DA:35,1
DA:38,1
DA:39,1
DA:40,1
DA:41,1
DA:42,1
DA:43,1
DA:44,0
DA:46,1
DA:47,1
DA:50,1
DA:51,1
DA:52,1
DA:56,1
DA:57,1
DA:63,1
DA:64,1
DA:65,1
DA:67,1
DA:68,1
DA:71,1
DA:72,1
DA:73,1
DA:76,1
DA:77,1
DA:78,1
DA:80,1
DA:81,1
DA:82,1
DA:83,0
DA:85,1
DA:86,1
DA:89,1
DA:90,1
DA:91,1
DA:99,1
DA:101,1
DA:102,1
DA:108,1
DA:109,1
DA:110,1
DA:111,0
DA:113,1
DA:114,1
DA:115,1
DA:118,1
DA:119,1
DA:120,1
DA:125,1
DA:126,1
DA:132,1
DA:133,1
DA:134,1
DA:135,0
DA:137,1
DA:138,1
DA:139,1
DA:142,1
DA:143,1
DA:146,1
DA:147,1
DA:152,1
DA:155,1
LF:86
LH:81
FN:10,13,test_AC16_11_8_extract_namespace_variants
FNDA:1,test_AC16_11_8_extract_namespace_variants
FN:16,18,test_AC16_11_9_load_active_namespaces_missing
FNDA:1,test_AC16_11_9_load_active_namespaces_missing
FN:21,25,test_AC16_11_9_load_active_namespaces_corrupt
FNDA:1,test_AC16_11_9_load_active_namespaces_corrupt
FN:28,35,test_AC16_11_10_get_container_runtime_prefers_podman
FNDA:1,test_AC16_11_10_get_container_runtime_prefers_podman
FN:29,32,test_AC16_11_10_get_container_runtime_prefers_podman.fake_run
FNDA:1,test_AC16_11_10_get_container_runtime_prefers_podman.fake_run
FN:38,47,test_AC16_11_10_get_container_runtime_falls_back_docker
FNDA:1,test_AC16_11_10_get_container_runtime_falls_back_docker
FN:39,44,test_AC16_11_10_get_container_runtime_falls_back_docker.fake_run
FNDA:1,test_AC16_11_10_get_container_runtime_falls_back_docker.fake_run
FN:50,60,test_AC16_11_11_list_test_databases_parses_rows
FNDA:1,test_AC16_11_11_list_test_databases_parses_rows
FN:51,54,test_AC16_11_11_list_test_databases_parses_rows.fake_run
FNDA:1,test_AC16_11_11_list_test_databases_parses_rows.fake_run
FN:63,68,test_AC16_11_11_list_test_databases_handles_error
FNDA:1,test_AC16_11_11_list_test_databases_handles_error
FN:64,65,test_AC16_11_11_list_test_databases_handles_error.fake_run
FNDA:1,test_AC16_11_11_list_test_databases_handles_error.fake_run
FN:71,73,test_AC16_11_12_cleanup_orphaned_runtime_missing
FNDA:1,test_AC16_11_12_cleanup_orphaned_runtime_missing
FN:76,86,test_AC16_11_13_cleanup_orphaned_no_databases
FNDA:1,test_AC16_11_13_cleanup_orphaned_no_databases
FN:80,83,test_AC16_11_13_cleanup_orphaned_no_databases.fake_run
FNDA:1,test_AC16_11_13_cleanup_orphaned_no_databases.fake_run
FN:89,115,test_AC16_11_14_cleanup_orphaned_skips_active
FNDA:1,test_AC16_11_14_cleanup_orphaned_skips_active
FN:108,111,test_AC16_11_14_cleanup_orphaned_skips_active.fake_run
FNDA:1,test_AC16_11_14_cleanup_orphaned_skips_active.fake_run
FN:118,139,test_AC16_11_15_cleanup_orphaned_clean_all
FNDA:1,test_AC16_11_15_cleanup_orphaned_clean_all
FN:132,135,test_AC16_11_15_cleanup_orphaned_clean_all.fake_run
FNDA:1,test_AC16_11_15_cleanup_orphaned_clean_all.fake_run
FN:142,143,test_AC16_11_30_drop_database_dry_run_returns_true
FNDA:1,test_AC16_11_30_drop_database_dry_run_returns_true
FN:146,155,test_AC16_11_31_main_calls_cleanup_orphaned
FNDA:1,test_AC16_11_31_main_calls_cleanup_orphaned
FNF:20
FNH:20
end_of_record
SF:tests/test_cli_and_dev_servers.py
DA:1,1
DA:2,1
DA:3,1
DA:5,1
DA:7,1
DA:9,1
DA:10,1
DA:11,1
DA:14,1
DA:15,1
DA:20,1
DA:23,1
DA:24,1
DA:29,1
DA:32,1
DA:33,1
DA:34,1
DA:35,1
DA:36,1
DA:39,1
DA:40,1
DA:41,1
DA:46,1
DA:57,1
DA:60,1
DA:61,1
DA:62,1
DA:67,1
DA:78,1
DA:81,1
DA:82,1
DA:83,1
DA:88,1
DA:99,1
DA:102,1
DA:103,1
DA:104,1
DA:109,1
DA:120,1
DA:123,1
DA:124,1
DA:125,1
DA:130,1
DA:141,1
DA:142,1
DA:143,1
DA:144,1
DA:145,1
DA:148,1
DA:149,1
DA:150,1
DA:155,1
DA:157,1
DA:158,1
DA:159,1
DA:161,1
DA:162,1
DA:163,1
DA:166,1
DA:167,1
DA:168,1
DA:170,1
DA:171,1
DA:174,1
DA:175,1
DA:176,1
DA:179,1
DA:180,1
DA:183,1
DA:184,1
DA:185,1
DA:186,1
DA:189,1
DA:190,1
DA:193,1
DA:194,1
DA:195,1
DA:196,1
DA:199,1
DA:202,1
DA:204,1
DA:205,1
DA:212,1
DA:215,1
DA:218,1
DA:220,1
DA:225,1
DA:226,1
DA:227,1
DA:229,1
DA:231,1
DA:236,1
DA:237,1
DA:238,1
DA:240,1
DA:242,1
DA:247,1
DA:248,1
DA:250,1
DA:252,1
DA:254,1
DA:255,1
DA:256,1
DA:258,1
DA:259,1
DA:260,1
DA:263,1
DA:266,1
DA:268,1
DA:269,1
DA:270,1
DA:271,1
DA:273,1
DA:275,1
DA:276,1
DA:277,1
DA:278,1
DA:280,1
DA:282,1
DA:283,1
DA:284,1
DA:285,1
DA:286,1
DA:289,1
DA:292,1
DA:294,1
DA:295,1
DA:296,1
DA:299,1
DA:300,1
DA:301,1
DA:303,1
DA:305,1
DA:306,1
DA:307,1
DA:310,1
DA:312,1
DA:314,1
DA:315,1
DA:316,1
DA:319,1
DA:321,1
DA:323,1
DA:324,1
DA:325,1
DA:328,1
DA:329,1
DA:331,1
DA:333,1
DA:334,1
DA:335,1
DA:338,1
DA:340,1
DA:342,1
DA:343,1
DA:344,1
DA:347,1
DA:348,1
DA:349,1
DA:352,1
DA:355,1
DA:357,1
DA:358,1
DA:359,1
DA:361,1
DA:363,1
DA:364,1
DA:365,1
DA:366,1
DA:367,1
DA:369,1
DA:371,1
DA:372,1
DA:373,1
DA:375,1
DA:377,1
DA:378,1
DA:379,1
DA:381,1
DA:383,1
DA:384,1
DA:385,1
DA:386,1
DA:387,1
DA:390,1
DA:393,1
DA:395,1
DA:396,1
DA:397,1
DA:400,1
DA:403,1
DA:405,1
DA:406,1
DA:407,1
DA:408,1
DA:410,1
DA:412,1
DA:413,1
DA:414,1
DA:415,1
DA:418,1
DA:421,1
DA:423,1
DA:424,1
DA:431,1
DA:432,1
DA:435,1
DA:438,1
DA:440,1
DA:441,1
DA:442,1
DA:443,1
DA:445,1
DA:447,1
DA:448,1
DA:449,1
DA:450,1
DA:451,1
DA:453,1
DA:455,1
DA:456,1
DA:457,1
DA:458,1
DA:460,1
DA:462,1
DA:463,1
DA:464,1
DA:465,1
DA:467,1
DA:469,1
DA:470,1
DA:471,1
DA:472,1
DA:473,1
DA:475,1
DA:477,1
DA:478,1
DA:479,1
DA:480,1
DA:481,1
DA:482,1
LF:241
LH:241
FN:14,20,test_AC16_11_16_get_compose_cmd_prefers_podman
FNDA:1,test_AC16_11_16_get_compose_cmd_prefers_podman
FN:23,29,test_AC16_11_16_get_compose_cmd_falls_back_to_docker
FNDA:1,test_AC16_11_16_get_compose_cmd_falls_back_to_docker
FN:32,36,test_AC16_11_16_get_compose_cmd_exits_when_none
FNDA:1,test_AC16_11_16_get_compose_cmd_exits_when_none
FN:39,57,test_AC16_11_17_cmd_test_frontend_route
FNDA:1,test_AC16_11_17_cmd_test_frontend_route
FN:60,78,test_AC16_11_17_cmd_test_e2e_route
FNDA:1,test_AC16_11_17_cmd_test_e2e_route
FN:81,99,test_AC16_11_17_cmd_test_perf_route
FNDA:1,test_AC16_11_17_cmd_test_perf_route
FN:102,120,test_AC16_11_17_cmd_test_backend_path_route
FNDA:1,test_AC16_11_17_cmd_test_backend_path_route
FN:123,145,test_AC16_11_17_cmd_test_lifecycle_route
FNDA:1,test_AC16_11_17_cmd_test_lifecycle_route
FN:148,163,test_AC16_11_18_cmd_clean_routes
FNDA:1,test_AC16_11_18_cmd_clean_routes
FN:166,171,test_AC16_11_19_check_database_ready_failure
FNDA:1,test_AC16_11_19_check_database_ready_failure
FN:167,168,test_AC16_11_19_check_database_ready_failure.raise_called
FNDA:1,test_AC16_11_19_check_database_ready_failure.raise_called
FN:174,176,test_AC16_11_28_check_database_ready_success
FNDA:1,test_AC16_11_28_check_database_ready_success
FN:179,186,test_AC16_11_29_dev_backend_cleanup_terminates_and_exits
FNDA:1,test_AC16_11_29_dev_backend_cleanup_terminates_and_exits
FN:189,196,test_AC16_11_20_dev_frontend_cleanup_terminates_and_exits
FNDA:1,test_AC16_11_20_dev_frontend_cleanup_terminates_and_exits
FN:202,212,_mock_run
FNDA:1,_mock_run
FN:218,227,TestRun.test_run_prints_command
FNDA:1,TestRun.test_run_prints_command
FN:229,238,TestRun.test_run_exits_on_nonzero_returncode
FNDA:1,TestRun.test_run_exits_on_nonzero_returncode
FN:240,248,TestRun.test_run_no_exit_when_check_false
FNDA:1,TestRun.test_run_no_exit_when_check_false
FN:250,260,TestRun.test_run_merges_env
FNDA:1,TestRun.test_run_merges_env
FN:254,256,TestRun.test_run_merges_env.fake_run
FNDA:1,TestRun.test_run_merges_env.fake_run
FN:266,271,TestCmdSetup.test_setup_backend_only
FNDA:1,TestCmdSetup.test_setup_backend_only
FN:273,278,TestCmdSetup.test_setup_frontend_only
FNDA:1,TestCmdSetup.test_setup_frontend_only
FN:280,286,TestCmdSetup.test_setup_both
FNDA:1,TestCmdSetup.test_setup_both
FN:292,301,TestCmdDev.test_dev_infra_only
FNDA:1,TestCmdDev.test_dev_infra_only
FN:303,310,TestCmdDev.test_dev_backend
FNDA:1,TestCmdDev.test_dev_backend
FN:312,319,TestCmdDev.test_dev_frontend
FNDA:1,TestCmdDev.test_dev_frontend
FN:321,329,TestCmdDev.test_dev_migrate
FNDA:1,TestCmdDev.test_dev_migrate
FN:331,338,TestCmdDev.test_dev_check
FNDA:1,TestCmdDev.test_dev_check
FN:340,349,TestCmdDev.test_dev_no_flags_prints_instructions
FNDA:1,TestCmdDev.test_dev_no_flags_prints_instructions
FN:355,359,TestCmdLint.test_lint_backend_check
FNDA:1,TestCmdLint.test_lint_backend_check
FN:361,367,TestCmdLint.test_lint_backend_fix
FNDA:1,TestCmdLint.test_lint_backend_fix
FN:369,373,TestCmdLint.test_lint_frontend_check
FNDA:1,TestCmdLint.test_lint_frontend_check
FN:375,379,TestCmdLint.test_lint_frontend_fix
FNDA:1,TestCmdLint.test_lint_frontend_fix
FN:381,387,TestCmdLint.test_lint_both
FNDA:1,TestCmdLint.test_lint_both
FN:393,397,TestCmdBuild.test_build_runs_npm_build
FNDA:1,TestCmdBuild.test_build_runs_npm_build
FN:403,408,TestCmdCleanAll.test_clean_all_flag
FNDA:1,TestCmdCleanAll.test_clean_all_flag
FN:410,415,TestCmdCleanAll.test_clean_default
FNDA:1,TestCmdCleanAll.test_clean_default
FN:421,432,TestCmdTestSmart.test_smart_flag
FNDA:1,TestCmdTestSmart.test_smart_flag
FN:438,443,TestMainDispatch.test_main_setup_dispatch
FNDA:1,TestMainDispatch.test_main_setup_dispatch
FN:445,451,TestMainDispatch.test_main_dev_dispatch
FNDA:1,TestMainDispatch.test_main_dev_dispatch
FN:453,458,TestMainDispatch.test_main_lint_dispatch
FNDA:1,TestMainDispatch.test_main_lint_dispatch
FN:460,465,TestMainDispatch.test_main_build_dispatch
FNDA:1,TestMainDispatch.test_main_build_dispatch
FN:467,473,TestMainDispatch.test_main_clean_dispatch
FNDA:1,TestMainDispatch.test_main_clean_dispatch
FN:475,482,TestMainDispatch.test_main_test_with_extra_args
FNDA:1,TestMainDispatch.test_main_test_with_extra_args
FNF:44
FNH:44
end_of_record
SF:tests/test_coverage_analyzer.py
DA:12,1
DA:13,1
DA:15,1
DA:17,1
DA:24,1
DA:27,1
DA:29,1
DA:30,1
DA:32,1
DA:34,1
DA:39,1
DA:40,1
DA:42,1
DA:44,1
DA:50,1
DA:51,1
DA:52,1
DA:53,1
DA:55,1
DA:57,1
DA:61,1
DA:62,1
DA:63,1
DA:65,1
DA:67,1
DA:70,1
DA:71,1
DA:72,1
DA:74,1
DA:76,1
DA:80,1
DA:81,1
DA:82,1
DA:85,1
DA:88,1
DA:90,1
DA:91,1
DA:98,1
DA:100,1
DA:102,1
DA:103,1
DA:104,1
DA:106,1
DA:108,1
DA:113,1
DA:114,1
DA:116,1
DA:118,1
DA:124,1
DA:125,1
DA:127,1
DA:129,1
DA:135,1
DA:137,1
DA:139,1
DA:141,1
DA:146,1
DA:147,1
DA:149,1
DA:151,1
DA:157,1
DA:158,1
DA:160,1
DA:162,1
DA:165,1
DA:166,1
DA:167,1
DA:168,1
DA:169,1
DA:170,1
DA:173,1
DA:176,1
DA:178,1
DA:185,1
DA:186,1
DA:188,1
DA:190,1
DA:197,1
DA:198,1
DA:200,1
DA:202,1
DA:209,1
DA:210,1
DA:211,1
DA:213,1
DA:215,1
DA:222,1
DA:223,1
DA:224,1
DA:226,1
DA:228,1
DA:235,1
DA:236,1
DA:237,1
DA:239,1
DA:241,1
DA:248,1
DA:249,1
DA:250,1
DA:252,1
DA:254,1
DA:261,1
DA:262,1
DA:263,1
DA:265,1
DA:267,1
DA:274,1
DA:275,1
DA:278,1
DA:279,1
DA:280,1
DA:281,1
DA:283,1
DA:284,1
DA:285,1
DA:286,1
DA:287,1
DA:289,1
DA:290,1
DA:291,1
DA:293,1
DA:294,1
DA:295,1
DA:296,1
DA:299,1
DA:300,1
DA:301,1
DA:302,1
DA:304,1
DA:305,1
DA:306,1
DA:307,1
DA:308,1
DA:309,1
DA:312,1
DA:313,1
DA:314,1
DA:315,1
DA:316,1
DA:318,1
DA:319,1
DA:320,1
DA:321,1
DA:322,1
DA:323,1
DA:324,1
DA:326,1
DA:327,1
DA:328,1
DA:329,1
DA:331,1
DA:332,1
DA:333,1
DA:334,1
DA:335,1
DA:336,1
DA:337,1
DA:338,1
DA:340,1
DA:341,1
DA:342,1
DA:343,1
DA:345,1
DA:348,1
DA:349,1
DA:350,1
DA:351,1
DA:352,1
DA:354,1
DA:355,1
DA:356,1
DA:357,1
DA:359,1
DA:362,1
DA:363,1
DA:364,1
DA:365,1
DA:366,1
DA:367,1
DA:368,1
DA:370,1
DA:371,1
DA:372,1
DA:373,1
DA:375,1
DA:378,1
DA:379,1
DA:380,1
DA:381,1
DA:382,1
DA:383,1
DA:385,1
DA:386,1
DA:387,1
DA:388,1
DA:390,1
DA:391,1
DA:392,1
DA:393,1
DA:397,1
DA:398,1
DA:399,1
LF:202
LH:202
FN:27,30,TestParseMissingLines.test_returns_empty_list_for_empty_input
FNDA:1,TestParseMissingLines.test_returns_empty_list_for_empty_input
FN:32,40,TestParseMissingLines.test_returns_empty_list_for_no_src_files
FNDA:1,TestParseMissingLines.test_returns_empty_list_for_no_src_files
FN:42,53,TestParseMissingLines.test_extracts_line_with_src_and_missing
FNDA:1,TestParseMissingLines.test_extracts_line_with_src_and_missing
FN:55,63,TestParseMissingLines.test_ignores_src_lines_without_missing
FNDA:1,TestParseMissingLines.test_ignores_src_lines_without_missing
FN:65,72,TestParseMissingLines.test_strips_whitespace_from_results
FNDA:1,TestParseMissingLines.test_strips_whitespace_from_results
FN:74,82,TestParseMissingLines.test_requires_py_colon_in_line
FNDA:1,TestParseMissingLines.test_requires_py_colon_in_line
FN:88,98,TestIdentifyCommonPatterns.test_returns_dict_with_all_pattern_keys
FNDA:1,TestIdentifyCommonPatterns.test_returns_dict_with_all_pattern_keys
FN:100,104,TestIdentifyCommonPatterns.test_all_counts_zero_for_empty_list
FNDA:1,TestIdentifyCommonPatterns.test_all_counts_zero_for_empty_list
FN:106,114,TestIdentifyCommonPatterns.test_counts_exception_handling
FNDA:1,TestIdentifyCommonPatterns.test_counts_exception_handling
FN:116,125,TestIdentifyCommonPatterns.test_counts_edge_cases
FNDA:1,TestIdentifyCommonPatterns.test_counts_edge_cases
FN:127,137,TestIdentifyCommonPatterns.test_counts_error_paths
FNDA:1,TestIdentifyCommonPatterns.test_counts_error_paths
FN:139,147,TestIdentifyCommonPatterns.test_counts_async_paths
FNDA:1,TestIdentifyCommonPatterns.test_counts_async_paths
FN:149,158,TestIdentifyCommonPatterns.test_counts_optional_params
FNDA:1,TestIdentifyCommonPatterns.test_counts_optional_params
FN:160,170,TestIdentifyCommonPatterns.test_line_can_match_multiple_patterns
FNDA:1,TestIdentifyCommonPatterns.test_line_can_match_multiple_patterns
FN:176,186,TestGenerateRecommendations.test_returns_empty_list_for_zero_patterns
FNDA:1,TestGenerateRecommendations.test_returns_empty_list_for_zero_patterns
FN:188,198,TestGenerateRecommendations.test_returns_empty_list_for_below_threshold_patterns
FNDA:1,TestGenerateRecommendations.test_returns_empty_list_for_below_threshold_patterns
FN:200,211,TestGenerateRecommendations.test_recommends_exception_tests_when_threshold_exceeded
FNDA:1,TestGenerateRecommendations.test_recommends_exception_tests_when_threshold_exceeded
FN:213,224,TestGenerateRecommendations.test_recommends_edge_case_tests_when_threshold_exceeded
FNDA:1,TestGenerateRecommendations.test_recommends_edge_case_tests_when_threshold_exceeded
FN:226,237,TestGenerateRecommendations.test_recommends_error_path_tests_when_threshold_exceeded
FNDA:1,TestGenerateRecommendations.test_recommends_error_path_tests_when_threshold_exceeded
FN:239,250,TestGenerateRecommendations.test_recommends_async_tests_when_threshold_exceeded
FNDA:1,TestGenerateRecommendations.test_recommends_async_tests_when_threshold_exceeded
FN:252,263,TestGenerateRecommendations.test_recommends_param_tests_when_threshold_exceeded
FNDA:1,TestGenerateRecommendations.test_recommends_param_tests_when_threshold_exceeded
FN:265,275,TestGenerateRecommendations.test_returns_multiple_recommendations_when_multiple_thresholds_exceeded
FNDA:1,TestGenerateRecommendations.test_returns_multiple_recommendations_when_multiple_thresholds_exceeded
FN:279,287,TestRunCoverageReport.test_run_coverage_report_returns_string
FNDA:1,TestRunCoverageReport.test_run_coverage_report_returns_string
FN:289,296,TestRunCoverageReport.test_run_coverage_report_with_html_format
FNDA:1,TestRunCoverageReport.test_run_coverage_report_with_html_format
FN:300,309,TestAnalyzeModuleCoverage.test_analyze_module_coverage_returns_list
FNDA:1,TestAnalyzeModuleCoverage.test_analyze_module_coverage_returns_list
FN:313,324,TestMain.test_main_no_missing_lines
FNDA:1,TestMain.test_main_no_missing_lines
FN:326,338,TestMain.test_main_with_missing_lines
FNDA:1,TestMain.test_main_with_missing_lines
FN:340,352,TestMain.test_main_with_suggest_flag
FNDA:1,TestMain.test_main_with_suggest_flag
FN:354,368,TestMain.test_main_with_missing_lines_and_pattern_counts
FNDA:1,TestMain.test_main_with_missing_lines_and_pattern_counts
FN:370,383,TestMain.test_main_suggest_with_pattern_counts
FNDA:1,TestMain.test_main_suggest_with_pattern_counts
FN:385,399,TestMain.test_main_high_avg_coverage_branch
FNDA:1,TestMain.test_main_high_avg_coverage_branch
FNF:31
FNH:31
end_of_record
SF:tests/test_debug.py
DA:1,1
DA:2,1
DA:3,1
DA:5,1
DA:7,1
DA:9,1
DA:12,1
DA:13,1
DA:14,1
DA:17,1
DA:18,1
DA:19,1
DA:20,1
DA:23,1
DA:24,1
DA:26,1
DA:27,1
DA:29,1
DA:30,1
DA:33,1
DA:34,1
DA:35,1
DA:36,1
DA:37,1
DA:40,1
DA:41,1
DA:42,1
DA:43,1
DA:44,1
DA:47,1
DA:48,1
DA:52,1
DA:58,1
DA:59,1
DA:60,1
DA:61,1
DA:62,1
DA:63,1
DA:64,1
DA:67,1
DA:68,1
DA:69,1
DA:70,1
DA:73,1
DA:76,1
DA:77,1
DA:78,1
DA:79,1
DA:82,1
DA:85,1
DA:86,1
DA:87,1
DA:88,1
DA:89,1
DA:92,1
DA:95,1
DA:96,1
DA:98,1
DA:99,1
DA:100,1
DA:102,1
DA:103,1
DA:104,1
DA:114,1
DA:115,1
DA:127,1
DA:128,1
DA:133,1
DA:134,1
DA:137,1
DA:138,1
DA:143,1
DA:144,1
DA:149,1
DA:150,1
DA:153,1
DA:154,1
DA:159,1
DA:160,1
DA:163,1
DA:164,1
DA:172,1
DA:174,1
DA:175,1
DA:177,1
DA:178,1
DA:179,1
DA:180,1
DA:183,1
DA:185,1
DA:186,1
DA:188,1
DA:189,1
DA:190,1
DA:191,1
DA:199,1
DA:201,1
DA:209,1
DA:211,1
DA:213,1
DA:214,1
DA:215,1
DA:217,1
DA:218,1
DA:219,1
DA:220,1
DA:223,1
DA:224,1
DA:225,1
DA:226,1
DA:227,1
DA:230,1
DA:232,1
DA:233,1
DA:235,1
DA:236,1
DA:237,1
DA:238,1
DA:239,1
DA:242,1
DA:250,1
DA:252,1
DA:253,1
DA:254,1
DA:255,1
DA:256,1
DA:259,1
DA:261,1
DA:262,1
DA:263,1
DA:264,1
DA:272,1
DA:274,1
DA:275,1
DA:276,1
DA:279,1
DA:281,1
DA:282,1
DA:283,1
DA:284,1
DA:285,1
DA:293,1
DA:295,1
DA:307,1
DA:308,1
DA:313,1
DA:314,1
DA:317,1
DA:319,1
DA:331,1
DA:332,1
DA:337,1
DA:338,1
DA:346,1
DA:348,1
DA:357,1
DA:358,1
DA:363,1
DA:364,1
DA:372,1
DA:374,1
DA:386,1
DA:387,1
DA:388,1
DA:393,1
DA:394,1
LF:166
LH:166
FN:12,14,test_AC16_11_1_detect_environment_ci
FNDA:1,test_AC16_11_1_detect_environment_ci
FN:17,20,test_AC16_11_2_detect_environment_local_when_docker_ok
FNDA:1,test_AC16_11_2_detect_environment_local_when_docker_ok
FN:23,30,test_AC16_11_3_detect_environment_fallback_production
FNDA:1,test_AC16_11_3_detect_environment_fallback_production
FN:26,27,test_AC16_11_3_detect_environment_fallback_production.raise_error
FNDA:1,test_AC16_11_3_detect_environment_fallback_production.raise_error
FN:33,37,test_AC16_11_4_validate_hostname_cases
FNDA:1,test_AC16_11_4_validate_hostname_cases
FN:40,44,test_AC16_11_5_validate_username_cases
FNDA:1,test_AC16_11_5_validate_username_cases
FN:47,55,test_AC16_11_6_get_container_name_mapping
FNDA:1,test_AC16_11_6_get_container_name_mapping
FN:58,64,test_AC16_11_7_list_containers_prints_all
FNDA:1,test_AC16_11_7_list_containers_prints_all
FN:67,73,test_AC16_11_21_view_remote_logs_docker_exits_when_vps_host_missing
FNDA:1,test_AC16_11_21_view_remote_logs_docker_exits_when_vps_host_missing
FN:76,82,test_AC16_11_22_view_remote_logs_docker_exits_on_invalid_host
FNDA:1,test_AC16_11_22_view_remote_logs_docker_exits_on_invalid_host
FN:85,92,test_AC16_11_23_view_remote_logs_docker_exits_on_invalid_user
FNDA:1,test_AC16_11_23_view_remote_logs_docker_exits_on_invalid_user
FN:95,111,test_AC16_11_24_view_local_logs_builds_docker_command
FNDA:1,test_AC16_11_24_view_local_logs_builds_docker_command
FN:98,100,test_AC16_11_24_view_local_logs_builds_docker_command.fake_run
FNDA:1,test_AC16_11_24_view_local_logs_builds_docker_command.fake_run
FN:114,134,test_AC16_11_25_main_logs_signoz_path
FNDA:1,test_AC16_11_25_main_logs_signoz_path
FN:137,150,test_AC16_11_26_main_status_local_path
FNDA:1,test_AC16_11_26_main_status_local_path
FN:153,164,test_AC16_11_27_main_containers_path
FNDA:1,test_AC16_11_27_main_containers_path
FN:172,180,test_view_local_logs_called_process_error
FNDA:1,test_view_local_logs_called_process_error
FN:174,175,test_view_local_logs_called_process_error.raise_cpe
FNDA:1,test_view_local_logs_called_process_error.raise_cpe
FN:183,191,test_view_local_logs_file_not_found
FNDA:1,test_view_local_logs_file_not_found
FN:185,186,test_view_local_logs_file_not_found.raise_fnf
FNDA:1,test_view_local_logs_file_not_found.raise_fnf
FN:199,201,test_validate_username_empty_string
FNDA:1,test_validate_username_empty_string
FN:209,227,test_view_remote_logs_docker_success
FNDA:1,test_view_remote_logs_docker_success
FN:213,215,test_view_remote_logs_docker_success.fake_run
FNDA:1,test_view_remote_logs_docker_success.fake_run
FN:230,242,test_view_remote_logs_docker_called_process_error
FNDA:1,test_view_remote_logs_docker_called_process_error
FN:232,233,test_view_remote_logs_docker_called_process_error.raise_cpe
FNDA:1,test_view_remote_logs_docker_called_process_error.raise_cpe
FN:250,256,test_view_remote_logs_signoz
FNDA:1,test_view_remote_logs_signoz
FN:259,264,test_view_remote_logs_signoz_production
FNDA:1,test_view_remote_logs_signoz_production
FN:272,276,test_restart_service_local_exits
FNDA:1,test_restart_service_local_exits
FN:279,285,test_restart_service_remote_prints_instructions
FNDA:1,test_restart_service_remote_prints_instructions
FN:293,314,test_main_logs_docker_local_path
FNDA:1,test_main_logs_docker_local_path
FN:317,338,test_main_logs_docker_remote_path
FNDA:1,test_main_logs_docker_remote_path
FN:346,364,test_main_status_remote_path
FNDA:1,test_main_status_remote_path
FN:372,394,test_main_logs_auto_detect_env
FNDA:1,test_main_logs_auto_detect_env
FNF:33
FNH:33
end_of_record
SF:tests/test_generate_ac_registry.py
DA:6,1
DA:7,1
DA:9,1
DA:11,1
DA:14,1
DA:17,1
DA:18,1
DA:20,1
DA:21,1
DA:23,1
DA:24,1
DA:25,1
DA:26,1
DA:28,1
DA:29,1
DA:30,1
DA:31,1
DA:34,1
DA:37,1
DA:38,1
DA:39,1
DA:40,1
DA:41,1
DA:43,1
DA:44,1
DA:49,1
DA:50,1
DA:51,1
DA:52,1
DA:54,1
DA:55,1
DA:60,1
DA:61,1
DA:62,1
DA:63,1
DA:65,1
DA:66,1
DA:67,1
DA:68,1
DA:69,1
DA:70,1
DA:72,1
DA:73,1
DA:74,1
DA:75,1
DA:78,1
DA:79,1
DA:80,1
DA:82,1
DA:83,1
DA:84,1
DA:85,1
DA:86,1
DA:87,1
DA:88,1
DA:90,1
DA:91,1
DA:96,1
DA:97,1
DA:98,1
DA:100,1
DA:101,1
DA:102,1
DA:103,1
DA:104,1
DA:105,1
DA:106,1
DA:107,1
DA:108,1
DA:110,1
DA:112,1
DA:119,1
DA:120,1
DA:121,1
DA:122,1
DA:124,1
DA:125,1
DA:127,1
DA:128,1
DA:129,1
DA:132,1
DA:135,1
DA:136,1
DA:139,1
DA:140,1
DA:141,1
DA:143,1
DA:144,1
DA:145,1
DA:147,1
DA:148,1
DA:155,1
DA:156,1
DA:157,1
DA:159,1
DA:160,1
DA:161,1
DA:163,1
DA:164,1
DA:176,1
DA:177,1
DA:178,1
DA:180,1
DA:182,1
DA:183,1
DA:186,1
DA:187,1
DA:188,1
DA:190,1
DA:192,1
DA:193,1
DA:200,1
DA:201,1
DA:202,1
DA:204,1
DA:207,1
DA:210,1
DA:211,1
DA:212,1
DA:214,1
DA:215,1
DA:216,1
DA:218,1
DA:219,1
DA:220,1
DA:222,1
DA:223,1
DA:224,1
DA:226,1
DA:227,1
DA:228,1
DA:230,1
DA:232,1
DA:233,1
DA:234,1
DA:236,1
DA:238,1
DA:239,1
DA:240,1
DA:241,1
DA:242,1
DA:245,1
DA:248,1
DA:249,1
DA:250,1
DA:251,1
DA:253,1
DA:254,1
DA:255,1
DA:256,1
DA:257,1
DA:258,1
DA:259,1
DA:260,1
DA:261,1
DA:263,1
DA:264,1
DA:265,1
DA:266,1
DA:267,1
DA:268,1
DA:269,1
DA:270,1
DA:271,1
DA:272,1
DA:273,1
DA:275,1
DA:277,1
DA:279,1
DA:280,1
DA:281,1
DA:282,1
DA:283,1
DA:284,1
DA:285,1
DA:286,1
DA:287,1
DA:288,1
DA:290,1
DA:291,1
DA:292,1
DA:294,1
DA:295,1
DA:296,1
DA:298,1
DA:300,1
DA:301,1
DA:306,1
DA:307,1
DA:308,1
DA:309,1
DA:310,1
DA:311,1
DA:312,1
DA:313,1
DA:314,1
DA:316,1
DA:317,1
DA:319,1
DA:320,1
DA:321,1
LF:201
LH:201
FN:17,18,TestSortKey.test_simple_ac
FNDA:1,TestSortKey.test_simple_ac
FN:20,21,TestSortKey.test_double_digit_epic
FNDA:1,TestSortKey.test_double_digit_epic
FN:23,26,TestSortKey.test_ordering_correctness
FNDA:1,TestSortKey.test_ordering_correctness
FN:28,31,TestSortKey.test_three_digit_sort_stability
FNDA:1,TestSortKey.test_three_digit_sort_stability
FN:37,41,TestExtractAcs._write_epic
FNDA:1,TestExtractAcs._write_epic
FN:43,52,TestExtractAcs.test_extracts_ac_from_table
FNDA:1,TestExtractAcs.test_extracts_ac_from_table
FN:54,63,TestExtractAcs.test_extracts_description
FNDA:1,TestExtractAcs.test_extracts_description
FN:65,70,TestExtractAcs.test_deduplicates_ac_ids
FNDA:1,TestExtractAcs.test_deduplicates_ac_ids
FN:72,80,TestExtractAcs.test_skips_implementation_files
FNDA:1,TestExtractAcs.test_skips_implementation_files
FN:82,88,TestExtractAcs.test_skips_encoding_files
FNDA:1,TestExtractAcs.test_skips_encoding_files
FN:90,98,TestExtractAcs.test_epic_name_from_known_epics
FNDA:1,TestExtractAcs.test_epic_name_from_known_epics
FN:100,108,TestExtractAcs.test_multiple_epics
FNDA:1,TestExtractAcs.test_multiple_epics
FN:110,129,TestExtractAcs.test_skips_tombstone_and_summary_lines
FNDA:1,TestExtractAcs.test_skips_tombstone_and_summary_lines
FN:135,145,TestWriteRegistry.test_writes_yaml_header
FNDA:1,TestWriteRegistry.test_writes_yaml_header
FN:147,161,TestWriteRegistry.test_writes_ac_entry
FNDA:1,TestWriteRegistry.test_writes_ac_entry
FN:163,180,TestWriteRegistry.test_entries_sorted_numerically
FNDA:1,TestWriteRegistry.test_entries_sorted_numerically
FN:182,190,TestWriteRegistry.test_epic_group_comment
FNDA:1,TestWriteRegistry.test_epic_group_comment
FN:192,204,TestWriteRegistry.test_escapes_single_quotes_in_description
FNDA:1,TestWriteRegistry.test_escapes_single_quotes_in_description
FN:210,212,TestClassifyAc.test_feature_epic_returns_feature
FNDA:1,TestClassifyAc.test_feature_epic_returns_feature
FN:214,216,TestClassifyAc.test_infra_epic_returns_infra
FNDA:1,TestClassifyAc.test_infra_epic_returns_infra
FN:218,220,TestClassifyAc.test_epic16_default_is_feature
FNDA:1,TestClassifyAc.test_epic16_default_is_feature
FN:222,224,TestClassifyAc.test_epic16_group11_is_infra
FNDA:1,TestClassifyAc.test_epic16_group11_is_infra
FN:226,228,TestClassifyAc.test_epic16_group13_is_infra
FNDA:1,TestClassifyAc.test_epic16_group13_is_infra
FN:230,234,TestClassifyAc.test_all_infra_epics_covered
FNDA:1,TestClassifyAc.test_all_infra_epics_covered
FN:236,242,TestClassifyAc.test_all_feature_epics_covered
FNDA:1,TestClassifyAc.test_all_feature_epics_covered
FN:248,251,TestMain._setup_epic_dir
FNDA:1,TestMain._setup_epic_dir
FN:253,261,TestMain.test_main_returns_zero
FNDA:1,TestMain.test_main_returns_zero
FN:263,273,TestMain.test_main_creates_both_output_files
FNDA:1,TestMain.test_main_creates_both_output_files
FN:275,296,TestMain.test_main_splits_feature_and_infra
FNDA:1,TestMain.test_main_splits_feature_and_infra
FN:298,321,TestMain.test_main_epic16_sub_classification
FNDA:1,TestMain.test_main_epic16_sub_classification
FNF:30
FNH:30
end_of_record
SF:tests/test_generate_fixtures.py
DA:11,1
DA:12,1
DA:13,1
DA:14,1
DA:16,1
DA:19,1
DA:20,1
DA:25,1
DA:33,1
DA:36,1
DA:38,1
DA:39,1
DA:40,1
DA:41,1
DA:43,1
DA:45,1
DA:46,1
DA:47,1
DA:48,1
DA:50,1
DA:52,1
DA:53,1
DA:54,1
DA:55,1
DA:63,1
DA:66,1
DA:68,1
DA:87,1
DA:89,1
DA:90,1
DA:91,1
DA:92,1
DA:93,1
DA:94,1
DA:95,1
DA:96,1
DA:97,1
DA:98,1
DA:99,1
DA:101,1
DA:103,1
DA:116,1
DA:117,1
DA:119,1
DA:121,1
DA:126,1
DA:127,1
DA:128,1
DA:130,1
DA:132,1
DA:137,1
DA:138,1
DA:139,1
DA:141,1
DA:143,1
DA:147,1
DA:149,1
DA:150,1
[...]
FNDA:1,TestMergeRecords.test_single_shard
FN:131,144,TestWriteLcov.test_writes_sf_da_lf_lh
FNDA:1,TestWriteLcov.test_writes_sf_da_lf_lh
FN:146,154,TestWriteLcov.test_covered_count_correct
FNDA:1,TestWriteLcov.test_covered_count_correct
FN:156,164,TestWriteLcov.test_files_sorted_alphabetically
FNDA:1,TestWriteLcov.test_files_sorted_alphabetically
FN:166,176,TestWriteLcov.test_round_trip
FNDA:1,TestWriteLcov.test_round_trip
FN:182,195,TestMain.test_main_merges_two_files
FNDA:1,TestMain.test_main_merges_two_files
FN:197,206,TestMain.test_main_warns_on_missing_input
FNDA:1,TestMain.test_main_warns_on_missing_input
FN:208,212,TestMain.test_main_exits_on_no_args
FNDA:1,TestMain.test_main_exits_on_no_args
FNF:17
FNH:17
end_of_record
SF:tests/test_sanitize_fixtures.py
DA:11,1
DA:12,1
DA:13,1
DA:14,1
DA:16,1
DA:19,1
DA:20,1
DA:22,1
DA:34,1
DA:35,1
DA:36,1
DA:37,1
DA:38,1
DA:40,1
DA:41,1
DA:42,1
DA:44,1
DA:45,1
DA:46,1
DA:47,1
DA:49,1
DA:51,1
DA:52,1
DA:54,1
DA:55,1
DA:56,1
DA:58,1
DA:59,1
DA:60,1
DA:62,1
DA:63,1
DA:64,1
DA:66,1
DA:67,1
DA:68,1
DA:70,1
DA:71,1
DA:73,1
DA:75,1
DA:76,1
DA:77,1
DA:85,1
DA:86,1
DA:87,1
DA:88,1
DA:89,1
DA:90,1
DA:92,1
DA:93,1
DA:94,1
DA:95,1
DA:96,1
DA:98,1
DA:99,1
DA:100,1
DA:102,1
DA:103,1
DA:105,1
DA:106,1
DA:107,1
DA:108,1
DA:110,1
DA:111,1
DA:112,1
DA:113,1
DA:114,1
DA:116,1
DA:118,1
DA:119,1
DA:122,1
DA:124,1
DA:125,1
DA:127,1
DA:128,1
DA:129,1
DA:130,1
DA:131,1
DA:139,1
DA:140,1
DA:141,1
DA:145,1
DA:146,1
DA:147,1
DA:149,1
DA:150,1
DA:151,1
DA:152,1
DA:154,1
DA:155,1
DA:156,1
DA:157,1
DA:158,1
DA:159,1
DA:161,1
DA:162,1
DA:163,1
DA:164,1
DA:165,1
DA:166,1
DA:168,1
DA:169,1
DA:175,1
DA:176,1
DA:177,1
DA:178,1
DA:182,1
DA:183,1
DA:184,1
DA:186,1
DA:187,1
DA:189,1
DA:190,1
DA:191,1
DA:192,1
DA:194,1
DA:195,1
DA:200,1
DA:201,1
DA:203,1
DA:204,1
DA:209,1
DA:210,1
DA:212,1
DA:213,1
DA:214,1
DA:216,1
DA:218,1
DA:219,1
DA:220,1
DA:221,1
DA:223,1
DA:224,1
DA:225,1
DA:226,1
DA:228,1
DA:229,1
DA:230,1
DA:231,1
DA:239,1
DA:240,1
DA:242,1
DA:244,1
DA:247,1
DA:248,1
DA:250,1
DA:251,1
DA:253,0
DA:254,0
DA:255,0
DA:257,0
DA:258,0
DA:260,1
DA:261,1
DA:263,1
DA:264,1
DA:266,1
DA:267,1
DA:269,0
DA:270,0
DA:271,0
DA:272,0
DA:273,0
DA:281,1
DA:282,1
DA:284,1
DA:285,1
DA:287,1
DA:289,1
DA:290,1
DA:291,1
DA:299,1
DA:300,1
DA:302,1
DA:303,1
DA:305,1
DA:306,1
DA:314,1
DA:315,1
DA:317,1
DA:318,1
DA:320,1
DA:321,1
DA:323,1
DA:324,1
DA:330,1
DA:331,1
DA:336,1
DA:337,1
DA:338,1
DA:340,1
DA:342,1
DA:343,1
DA:344,1
DA:346,1
DA:347,1
DA:348,1
DA:350,1
DA:352,1
DA:353,1
DA:355,1
DA:356,1
DA:358,1
DA:359,1
DA:363,1
DA:364,1
DA:365,1
DA:367,1
DA:369,1
DA:370,1
DA:372,1
DA:374,1
DA:375,1
DA:377,1
DA:378,1
DA:380,1
DA:381,1
DA:386,1
DA:387,1
DA:388,1
DA:390,1
DA:392,1
DA:393,1
LF:222
LH:212
FN:35,38,TestMaskCompanyName.test_pte_ltd_suffix
FNDA:1,TestMaskCompanyName.test_pte_ltd_suffix
FN:40,42,TestMaskCompanyName.test_pte_dot_ltd_dot_suffix
FNDA:1,TestMaskCompanyName.test_pte_dot_ltd_dot_suffix
FN:44,47,TestMaskCompanyName.test_ltd_only_suffix
FNDA:1,TestMaskCompanyName.test_ltd_only_suffix
FN:49,52,TestMaskCompanyName.test_short_company_name_pte_ltd
FNDA:1,TestMaskCompanyName.test_short_company_name_pte_ltd
FN:54,56,TestMaskCompanyName.test_generic_name_longer_than_3
FNDA:1,TestMaskCompanyName.test_generic_name_longer_than_3
FN:58,60,TestMaskCompanyName.test_generic_name_exactly_3_chars
FNDA:1,TestMaskCompanyName.test_generic_name_exactly_3_chars
FN:62,64,TestMaskCompanyName.test_generic_name_shorter_than_3
FNDA:1,TestMaskCompanyName.test_generic_name_shorter_than_3
FN:66,68,TestMaskCompanyName.test_newline_stripped
FNDA:1,TestMaskCompanyName.test_newline_stripped
FN:70,73,TestMaskCompanyName.test_preserves_suffix_text
FNDA:1,TestMaskCompanyName.test_preserves_suffix_text
FN:75,77,TestMaskCompanyName.test_pte_ltd_with_empty_company_part
FNDA:1,TestMaskCompanyName.test_pte_ltd_with_empty_company_part
FN:86,90,TestSanitizeDescription.test_card_number_masked
FNDA:1,TestSanitizeDescription.test_card_number_masked
FN:92,96,TestSanitizeDescription.test_nric_masked
FNDA:1,TestSanitizeDescription.test_nric_masked
FN:98,103,TestSanitizeDescription.test_long_digit_sequence_masked
FNDA:1,TestSanitizeDescription.test_long_digit_sequence_masked
FN:105,108,TestSanitizeDescription.test_no_pii_unchanged
FNDA:1,TestSanitizeDescription.test_no_pii_unchanged
FN:110,114,TestSanitizeDescription.test_company_name_in_description
FNDA:1,TestSanitizeDescription.test_company_name_in_description
FN:116,122,TestSanitizeDescription.test_eight_digit_number_masked
FNDA:1,TestSanitizeDescription.test_eight_digit_number_masked
FN:124,125,TestSanitizeDescription.test_empty_string
FNDA:1,TestSanitizeDescription.test_empty_string
FN:127,131,TestSanitizeDescription.test_multiple_pii_types
FNDA:1,TestSanitizeDescription.test_multiple_pii_types
FN:140,147,TestSanitizeFixture._make_fixture
FNDA:1,TestSanitizeFixture._make_fixture
FN:149,152,TestSanitizeFixture.test_balance_shifted_to_300000
FNDA:1,TestSanitizeFixture.test_balance_shifted_to_300000
FN:154,159,TestSanitizeFixture.test_net_flow_preserved
FNDA:1,TestSanitizeFixture.test_net_flow_preserved
FN:161,166,TestSanitizeFixture.test_negative_flow_preserved
FNDA:1,TestSanitizeFixture.test_negative_flow_preserved
FN:168,180,TestSanitizeFixture.test_nested_statement_dict
FNDA:1,TestSanitizeFixture.test_nested_statement_dict
FN:182,187,TestSanitizeFixture.test_none_balance_handled
FNDA:1,TestSanitizeFixture.test_none_balance_handled
FN:189,192,TestSanitizeFixture.test_none_string_balance_handled
FNDA:1,TestSanitizeFixture.test_none_string_balance_handled
FN:194,201,TestSanitizeFixture.test_events_descriptions_sanitized
FNDA:1,TestSanitizeFixture.test_events_descriptions_sanitized
FN:203,210,TestSanitizeFixture.test_events_without_description_unaffected
FNDA:1,TestSanitizeFixture.test_events_without_description_unaffected
FN:212,216,TestSanitizeFixture.test_original_data_not_mutated
FNDA:1,TestSanitizeFixture.test_original_data_not_mutated
FN:218,221,TestSanitizeFixture.test_no_events_key_ok
FNDA:1,TestSanitizeFixture.test_no_events_key_ok
FN:223,226,TestSanitizeFixture.test_invalid_balance_does_not_crash
FNDA:1,TestSanitizeFixture.test_invalid_balance_does_not_crash
FN:228,231,TestSanitizeFixture.test_empty_events_list
FNDA:1,TestSanitizeFixture.test_empty_events_list
FN:240,258,TestFileIO.test_load_and_save_roundtrip
FNDA:1,TestFileIO.test_load_and_save_roundtrip
FN:260,273,TestFileIO.test_save_creates_file
FNDA:1,TestFileIO.test_save_creates_file
FN:282,285,TestMaskCompanyNameEdgeCases.test_pte_ltd_with_no_company_words
FNDA:1,TestMaskCompanyNameEdgeCases.test_pte_ltd_with_no_company_words
FN:287,291,TestMaskCompanyNameEdgeCases.test_pte_ltd_company_part_short_no_words
FNDA:1,TestMaskCompanyNameEdgeCases.test_pte_ltd_company_part_short_no_words
FN:300,306,TestSanitizeDescriptionEdgeCases.test_company_suffix_with_single_word_before
FNDA:1,TestSanitizeDescriptionEdgeCases.test_company_suffix_with_single_word_before
FN:315,348,TestMainFunction.test_main_sanitizes_fixture_files
FNDA:1,TestMainFunction.test_main_sanitizes_fixture_files
FN:350,370,TestMainFunction.test_main_skips_summary_json_in_glob
FNDA:1,TestMainFunction.test_main_skips_summary_json_in_glob
FN:372,393,TestMainFunction.test_main_no_summary_file
FNDA:1,TestMainFunction.test_main_no_summary_file
FNF:39
FNH:39
end_of_record
SF:tests/test_seed_fx_rates.py
DA:3,1
DA:4,1
DA:5,1
DA:6,1
DA:7,1
DA:8,1
DA:10,1
DA:12,1
DA:13,1
DA:15,1
DA:18,1
DA:19,1
DA:21,1
DA:26,1
DA:27,1
DA:29,1
DA:31,1
DA:32,1
DA:33,1
DA:35,1
DA:37,1
DA:38,1
DA:39,1
DA:41,1
DA:43,1
DA:44,1
DA:45,1
DA:46,1
DA:48,1
DA:50,1
DA:51,1
DA:52,1
DA:53,1
DA:56,1
DA:57,1
DA:59,1
DA:60,1
DA:62,1
DA:63,1
DA:65,1
DA:66,1
DA:67,1
DA:68,1
DA:70,1
DA:71,1
DA:72,1
DA:74,1
DA:76,1
DA:77,1
DA:79,1
DA:81,1
DA:82,1
DA:84,1
DA:86,1
DA:95,1
DA:97,1
DA:98,1
DA:99,1
DA:101,1
DA:102,1
DA:103,1
DA:105,1
DA:106,1
DA:108,1
DA:109,1
DA:110,1
DA:111,1
DA:113,1
DA:117,1
DA:119,1
DA:128,1
DA:130,1
DA:131,1
DA:133,1
DA:134,1
DA:135,1
DA:137,1
DA:138,1
DA:140,1
DA:141,1
DA:142,1
DA:143,1
DA:145,1
DA:149,1
DA:151,1
DA:160,1
DA:162,1
DA:164,1
DA:165,1
DA:167,1
DA:168,1
DA:170,1
DA:172,1
DA:181,1
DA:183,1
DA:184,1
DA:186,1
DA:187,1
DA:189,1
DA:191,1
DA:198,1
DA:200,1
DA:201,1
DA:203,1
DA:204,1
DA:206,1
DA:208,1
DA:217,1
DA:219,1
DA:220,1
DA:221,1
DA:224,1
DA:225,1
DA:227,1
DA:229,1
DA:232,1
DA:233,1
DA:237,1
DA:239,1
DA:240,1
DA:241,1
DA:243,1
DA:245,1
DA:247,1
DA:248,1
DA:249,1
DA:251,1
DA:252,1
DA:253,1
DA:255,1
DA:257,1
DA:259,1
DA:260,1
DA:261,1
DA:262,1
DA:266,1
DA:268,1
DA:270,1
DA:271,1
DA:273,1
DA:274,1
LF:141
LH:141
FN:19,27,TestGetDatabaseUrl.test_local_env_returns_settings_url
FNDA:1,TestGetDatabaseUrl.test_local_env_returns_settings_url
FN:29,33,TestGetDatabaseUrl.test_staging_with_env_var_returns_it
FNDA:1,TestGetDatabaseUrl.test_staging_with_env_var_returns_it
FN:35,39,TestGetDatabaseUrl.test_production_with_env_var_returns_it
FNDA:1,TestGetDatabaseUrl.test_production_with_env_var_returns_it
FN:41,46,TestGetDatabaseUrl.test_staging_without_env_var_exits
FNDA:1,TestGetDatabaseUrl.test_staging_without_env_var_exits
FN:48,53,TestGetDatabaseUrl.test_production_without_env_var_exits
FNDA:1,TestGetDatabaseUrl.test_production_without_env_var_exits
FN:57,79,TestSeedFxRates._make_mock_session
FNDA:1,TestSeedFxRates._make_mock_session
FN:82,103,TestSeedFxRates.test_seeds_rates_no_existing
FNDA:1,TestSeedFxRates.test_seeds_rates_no_existing
FN:106,135,TestSeedFxRates.test_existing_rates_user_confirms_reseed
FNDA:1,TestSeedFxRates.test_existing_rates_user_confirms_reseed
FN:138,165,TestSeedFxRates.test_existing_rates_user_aborts
FNDA:1,TestSeedFxRates.test_existing_rates_user_aborts
FN:168,184,TestSeedFxRates.test_database_url_with_at_sign_masks_host
FNDA:1,TestSeedFxRates.test_database_url_with_at_sign_masks_host
FN:187,201,TestSeedFxRates.test_database_url_without_at_sign
FNDA:1,TestSeedFxRates.test_database_url_without_at_sign
FN:204,221,TestSeedFxRates.test_prints_expected_fx_calculation
FNDA:1,TestSeedFxRates.test_prints_expected_fx_calculation
FN:225,241,TestMain.test_main_success
FNDA:1,TestMain.test_main_success
FN:243,253,TestMain.test_main_error_exits_1
FNDA:1,TestMain.test_main_error_exits_1
FN:255,262,TestMain.test_main_default_env_is_local
FNDA:1,TestMain.test_main_default_env_is_local
FN:266,274,TestMain.test_main_staging_env
FNDA:1,TestMain.test_main_staging_env
FNF:16
FNH:16
end_of_record
SF:tests/test_validate_schemas.py
DA:3,1
DA:4,1
DA:5,1
DA:7,1
DA:9,1
DA:20,1
DA:21,1
DA:22,1
DA:23,1
DA:25,1
DA:26,1
DA:27,1
DA:30,1
DA:31,1
DA:32,1
DA:33,1
DA:41,1
DA:43,1
DA:44,1
DA:46,1
DA:47,1
DA:48,1
DA:54,1
DA:56,1
DA:57,1
DA:58,1
DA:60,1
DA:61,1
DA:62,1
DA:69,1
DA:71,1
DA:72,1
DA:73,1
DA:75,1
DA:76,1
DA:77,1
DA:84,1
DA:86,1
DA:87,1
DA:88,1
DA:90,1
DA:91,1
DA:92,1
DA:98,1
DA:100,1
DA:101,1
DA:103,1
DA:104,1
DA:107,1
DA:108,1
DA:109,1
DA:110,1
DA:112,1
DA:113,1
DA:114,1
DA:115,1
DA:116,1
DA:118,1
DA:119,1
DA:120,1
DA:122,1
DA:124,1
DA:125,1
DA:126,1
DA:127,1
DA:129,1
DA:130,1
DA:131,1
DA:139,1
DA:141,1
DA:142,1
DA:145,1
DA:146,1
DA:147,1
DA:148,1
DA:154,1
DA:156,1
DA:157,1
DA:158,1
DA:160,1
DA:161,1
DA:162,1
DA:168,1
DA:170,1
DA:171,1
DA:173,1
DA:174,1
DA:175,1
DA:180,1
DA:182,1
DA:183,1
DA:185,1
DA:186,1
DA:187,1
DA:195,1
DA:198,1
DA:199,1
DA:202,1
DA:203,1
DA:204,1
DA:205,1
DA:206,1
DA:207,1
DA:214,1
DA:216,1
DA:217,1
DA:218,1
DA:220,1
DA:221,1
DA:222,1
DA:223,1
DA:224,1
DA:231,1
DA:233,1
DA:234,1
DA:236,1
DA:237,1
DA:238,1
DA:240,1
DA:241,1
DA:243,1
DA:244,1
DA:249,1
DA:252,1
DA:254,1
DA:255,1
DA:256,1
DA:257,1
DA:258,1
DA:265,1
DA:267,1
DA:269,1
DA:270,1
DA:271,1
DA:273,1
DA:275,1
DA:276,1
DA:279,1
DA:280,1
DA:281,1
DA:285,1
DA:291,1
DA:293,1
DA:294,1
DA:295,1
DA:297,1
DA:298,1
DA:302,1
DA:308,1
DA:310,1
DA:311,1
DA:312,1
DA:314,1
DA:315,1
DA:319,1
DA:327,1
DA:329,1
DA:330,1
DA:331,1
DA:334,1
DA:335,1
DA:336,1
DA:337,1
DA:339,1
DA:341,1
DA:342,1
DA:344,1
DA:345,1
DA:346,1
DA:356,1
DA:358,1
DA:360,1
DA:361,1
DA:362,1
DA:364,1
DA:365,1
DA:366,1
DA:367,1
DA:379,1
DA:381,1
DA:382,1
DA:383,1
DA:391,1
DA:392,1
DA:394,1
DA:395,1
DA:402,1
DA:404,1
DA:405,1
DA:406,1
DA:408,1
DA:410,1
DA:411,1
DA:418,1
DA:419,1
DA:420,1
DA:421,1
DA:423,1
DA:425,1
DA:426,1
DA:427,1
DA:429,1
DA:443,1
DA:444,1
DA:446,1
DA:448,1
DA:449,1
DA:450,1
DA:451,1
DA:461,1
DA:462,1
DA:464,1
DA:466,1
DA:467,1
DA:468,1
DA:469,1
DA:475,1
DA:476,1
DA:484,1
DA:485,1
DA:487,1
DA:488,1
DA:500,1
DA:505,1
DA:506,1
DA:507,1
DA:508,1
DA:509,1
DA:510,1
DA:512,1
DA:514,1
DA:524,1
DA:529,1
DA:530,1
DA:531,1
DA:532,1
DA:540,1
DA:541,1
DA:543,1
DA:553,1
DA:554,1
DA:555,1
DA:556,1
DA:557,1
DA:559,1
DA:561,1
DA:562,1
DA:573,1
DA:574,1
DA:575,1
DA:576,1
DA:578,1
DA:580,1
DA:589,1
DA:590,1
DA:591,1
DA:592,1
DA:600,1
DA:601,1
DA:603,1
DA:605,1
DA:606,1
DA:607,1
DA:611,1
DA:612,1
DA:613,1
DA:614,1
DA:620,1
DA:623,1
DA:625,1
DA:626,1
DA:627,1
DA:629,1
DA:631,1
DA:633,1
DA:634,1
DA:635,1
DA:639,1
DA:640,1
DA:642,1
DA:645,1
DA:647,1
DA:648,1
DA:649,1
DA:651,1
DA:653,1
DA:655,1
DA:656,1
DA:657,1
DA:661,1
DA:662,1
DA:664,1
DA:667,1
DA:669,1
DA:670,1
DA:671,1
LF:296
LH:296
FN:21,23,TestGetProjectRoot.test_returns_path
FNDA:1,TestGetProjectRoot.test_returns_path
FN:25,27,TestGetProjectRoot.test_returns_parent_of_scripts_dir
FNDA:1,TestGetProjectRoot.test_returns_parent_of_scripts_dir
FN:31,44,TestSchemaVisitor.test_visit_class_def_extracts_class_names
FNDA:1,TestSchemaVisitor.test_visit_class_def_extracts_class_names
FN:46,58,TestSchemaVisitor.test_visit_ann_assign_extracts_fields
FNDA:1,TestSchemaVisitor.test_visit_ann_assign_extracts_fields
FN:60,73,TestSchemaVisitor.test_extracts_field_with_description
FNDA:1,TestSchemaVisitor.test_extracts_field_with_description
FN:75,88,TestSchemaVisitor.test_field_without_description
FNDA:1,TestSchemaVisitor.test_field_without_description
FN:90,104,TestSchemaVisitor.test_detects_has_default
FNDA:1,TestSchemaVisitor.test_detects_has_default
FN:108,116,TestParseFileForSchemas.test_returns_empty_visitor_for_missing_file
FNDA:1,TestParseFileForSchemas.test_returns_empty_visitor_for_missing_file
FN:118,127,TestParseFileForSchemas.test_returns_empty_visitor_for_syntax_error
FNDA:1,TestParseFileForSchemas.test_returns_empty_visitor_for_syntax_error
FN:129,142,TestParseFileForSchemas.test_parses_simple_pydantic_model
FNDA:1,TestParseFileForSchemas.test_parses_simple_pydantic_model
FN:146,158,TestCheckConfigFile.test_detects_field_without_default_as_error
FNDA:1,TestCheckConfigFile.test_detects_field_without_default_as_error
FN:160,171,TestCheckConfigFile.test_no_error_when_all_fields_have_defaults
FNDA:1,TestCheckConfigFile.test_no_error_when_all_fields_have_defaults
FN:173,183,TestCheckConfigFile.test_returns_visitor_in_result
FNDA:1,TestCheckConfigFile.test_returns_visitor_in_result
FN:185,199,TestCheckConfigFile.test_only_checks_settings_class
FNDA:1,TestCheckConfigFile.test_only_checks_settings_class
FN:203,218,TestCheckSchemasDirectory.test_warns_field_without_description
FNDA:1,TestCheckSchemasDirectory.test_warns_field_without_description
FN:220,234,TestCheckSchemasDirectory.test_no_warning_when_description_present
FNDA:1,TestCheckSchemasDirectory.test_no_warning_when_description_present
FN:236,252,TestCheckSchemasDirectory.test_skips_init_files
FNDA:1,TestCheckSchemasDirectory.test_skips_init_files
FN:254,267,TestCheckSchemasDirectory.test_returns_total_fields_count
FNDA:1,TestCheckSchemasDirectory.test_returns_total_fields_count
FN:269,276,TestCheckSchemasDirectory.test_handles_empty_directory
FNDA:1,TestCheckSchemasDirectory.test_handles_empty_directory
FN:280,295,TestPrintReport.test_returns_true_when_no_issues
FNDA:1,TestPrintReport.test_returns_true_when_no_issues
FN:297,312,TestPrintReport.test_returns_false_when_issues_exist
FNDA:1,TestPrintReport.test_returns_false_when_issues_exist
FN:314,331,TestPrintReport.test_prints_warnings
FNDA:1,TestPrintReport.test_prints_warnings
FN:335,342,TestGenerateFixSuggestions.test_does_not_crash_with_no_issues
FNDA:1,TestGenerateFixSuggestions.test_does_not_crash_with_no_issues
FN:344,362,TestGenerateFixSuggestions.test_suggests_fix_for_missing_default
FNDA:1,TestGenerateFixSuggestions.test_suggests_fix_for_missing_default
FN:364,383,TestGenerateFixSuggestions.test_suggests_fix_for_missing_description
FNDA:1,TestGenerateFixSuggestions.test_suggests_fix_for_missing_description
FN:392,406,TestSchemaVisitorEdgeCases.test_ann_assign_outside_class_is_ignored
FNDA:1,TestSchemaVisitorEdgeCases.test_ann_assign_outside_class_is_ignored
FN:408,421,TestSchemaVisitorEdgeCases.test_subscript_target_ann_assign
FNDA:1,TestSchemaVisitorEdgeCases.test_subscript_target_ann_assign
FN:423,444,TestSchemaVisitorEdgeCases.test_complex_subscript_target_skipped
FNDA:1,TestSchemaVisitorEdgeCases.test_complex_subscript_target_skipped
FN:446,462,TestSchemaVisitorEdgeCases.test_non_name_non_subscript_target_skipped
FNDA:1,TestSchemaVisitorEdgeCases.test_non_name_non_subscript_target_skipped
FN:464,476,TestSchemaVisitorEdgeCases.test_empty_field_name_guard
FNDA:1,TestSchemaVisitorEdgeCases.test_empty_field_name_guard
FN:485,510,TestPrintReportEdgeCases.test_prints_file_path_and_class
FNDA:1,TestPrintReportEdgeCases.test_prints_file_path_and_class
FN:512,532,TestPrintReportEdgeCases.test_prints_issue_without_file
FNDA:1,TestPrintReportEdgeCases.test_prints_issue_without_file
FN:541,557,TestGenerateFixSuggestionsEdgeCases.test_fallback_when_file_not_under_project_root
FNDA:1,TestGenerateFixSuggestionsEdgeCases.test_fallback_when_file_not_under_project_root
FN:559,576,TestGenerateFixSuggestionsEdgeCases.test_fix_for_missing_description
FNDA:1,TestGenerateFixSuggestionsEdgeCases.test_fix_for_missing_description
FN:578,592,TestGenerateFixSuggestionsEdgeCases.test_fix_with_unknown_file
FNDA:1,TestGenerateFixSuggestionsEdgeCases.test_fix_with_unknown_file
FN:601,627,TestMain.test_main_exits_0_when_valid
FNDA:1,TestMain.test_main_exits_0_when_valid
FN:629,649,TestMain.test_main_exits_1_when_issues
FNDA:1,TestMain.test_main_exits_1_when_issues
FN:651,671,TestMain.test_main_with_fix_flag
FNDA:1,TestMain.test_main_with_fix_flag
FNF:38
FNH:38
end_of_record
SF:validate_schemas.py
DA:16,1
DA:18,1
DA:19,1
DA:20,1
DA:21,1
DA:24,1
DA:26,1
DA:29,1
DA:32,1
DA:33,1
DA:34,1
DA:35,1
DA:37,1
DA:39,1
DA:40,1
DA:41,1
DA:42,1
DA:44,1
DA:46,1
DA:47,1
DA:50,1
DA:51,1
DA:52,1
DA:54,1
DA:55,0
DA:57,1
DA:59,1
DA:61,1
DA:62,1
DA:65,1
DA:66,1
DA:67,1
DA:69,1
DA:70,1
DA:71,1
DA:72,1
DA:74,1
DA:75,1
DA:76,1
DA:77,1
DA:79,1
DA:89,1
DA:92,1
DA:94,1
DA:95,1
DA:96,1
DA:98,1
DA:99,1
DA:100,1
DA:101,1
DA:102,1
DA:103,1
DA:104,1
DA:105,1
DA:106,1
DA:109,1
DA:111,1
DA:113,1
DA:116,1
DA:118,1
DA:120,1
DA:121,1
DA:130,1
DA:136,1
DA:138,1
DA:139,1
DA:140,1
DA:142,1
DA:144,1
DA:145,1
DA:146,1
DA:148,1
DA:149,1
DA:150,1
DA:152,1
DA:153,1
DA:154,1
DA:156,1
DA:157,1
DA:167,1
DA:174,1
DA:176,1
DA:177,1
DA:178,1
DA:180,1
DA:181,1
DA:182,1
DA:185,1
DA:187,1
DA:188,1
DA:190,1
DA:191,1
DA:192,1
DA:193,1
DA:194,1
DA:195,1
DA:196,1
DA:197,1
DA:198,1
DA:199,1
DA:200,1
DA:202,1
DA:204,1
DA:206,1
DA:209,1
DA:211,1
DA:213,1
DA:214,1
DA:215,1
DA:217,1
DA:220,1
DA:221,1
DA:222,1
DA:223,1
DA:224,1
DA:225,1
DA:227,1
DA:228,1
DA:229,1
DA:230,1
DA:231,1
DA:233,1
DA:234,1
DA:236,1
DA:237,1
DA:238,1
DA:239,1
DA:240,1
DA:241,1
DA:243,1
DA:246,1
DA:247,1
DA:248,1
DA:249,1
DA:251,1
DA:253,1
DA:254,1
DA:257,1
DA:260,1
DA:263,1
DA:266,1
DA:267,1
DA:269,1
DA:272,1
DA:273,0
LF:145
LH:143
FN:24,26,get_project_root
FNDA:1,get_project_root
FN:32,35,SchemaVisitor.__init__
FNDA:1,SchemaVisitor.__init__
FN:37,42,SchemaVisitor.visit_ClassDef
FNDA:1,SchemaVisitor.visit_ClassDef
FN:44,89,SchemaVisitor.visit_AnnAssign
FNDA:1,SchemaVisitor.visit_AnnAssign
FN:92,106,parse_file_for_schemas
FNDA:1,parse_file_for_schemas
FN:109,133,check_config_file
FNDA:1,check_config_file
FN:136,171,check_schemas_directory
FNDA:1,check_schemas_directory
FN:174,206,print_report
FNDA:1,print_report
FN:209,243,generate_fix_suggestions
FNDA:1,generate_fix_suggestions
FN:246,269,main
FNDA:1,main
FNF:10
FNH:10
end_of_record
